Number of training configurations = 627983
Number of atoms in configuration = 12
Number of atom types = 2
Atom types:
H
C
Number of atom type pairs = 3
Number of atom type triplets = 4
Number of atom type quadruplets = 5
Atom type pairs, minimum and maximum distances, max-min and number of grid points:
H H 2.1033924978472416 5.277618365323514 3.17423 7
H C 0.97125364349380605 4.1271183651550345 3.15586 17
C C 1.2849957198372377 2.9899622071190048 1.70497 10
Read 15 grid points for triplets of type 0
Read 92 grid points for triplets of type 1
Read 81 grid points for triplets of type 2
Read 31 grid points for triplets of type 3
Read 22 grid points for quadruplets of type 0
Read 343 grid points for quadruplets of type 1
Read 232 grid points for quadruplets of type 2
Read 564 grid points for quadruplets of type 3
Read 57 grid points for quadruplets of type 4
Read 6 grid points for pairs of type 0
Read 12 grid points for pairs of type 1
Read 7 grid points for pairs of type 2
Using 3,6 reciprocal power kernel for 2B terms
Using 3,3 reciprocal power kernel for 3B terms
Using 3,3 reciprocal power kernel for 4B terms
Number of descriptors: 1462
Number of 2B descriptors: 25
   type 0: 6
   type 1: 12
   type 2: 7
Number of 3B descriptors: 219
   type 0: 15
   type 1: 92
   type 2: 81
   type 3: 31
Number of 4B descriptors: 1218
   type 0: 22
   type 1: 343
   type 2: 232
   type 3: 564
   type 4: 57
#####   Starting sketch_matrices   #####
Number of rows: 627983
Number of rows to use: 50000
Numbers of columns and corresponding ranks
6 6
12 12
7 7
15 15
92 82
81 75
31 27
22 22
343 250
232 187
564 404
57 45
Total number of rows: 156695
sketch_matrix:
   nrows: 156695
   ncols: 15
   ncols2: 25
   nthreads: 12
Variable(1): 0 286.282
Variable(2): 14 6.48056
Variable(3): 3 0.423741
Variable(4): 10 0.0702973
Variable(5): 12 0.00519341
Variable(6): 7 0.000944887
Variable(7): 2 0.000348879
Variable(8): 5 0.000139659
Variable(9): 13 3.63732e-05
Variable(10): 1 4.92938e-06
Variable(11): 8 2.09416e-06
Variable(12): 11 9.15337e-07
Variable(13): 4 1.06323e-07
Variable(14): 6 3.40318e-08
Variable(15): 9 4.40929e-09
sketch_matrix:
   nrows: 156695
   ncols: 92
   ncols2: 25
   nthreads: 12
Variable(1): 6 159.034
Variable(2): 88 11.0378
Variable(3): 5 3.77929
Variable(4): 57 0.417799
Variable(5): 2 0.167901
Variable(6): 87 0.136234
Variable(7): 45 0.0800287
Variable(8): 54 0.0187315
Variable(9): 71 0.0115491
Variable(10): 23 0.00724997
Variable(11): 33 0.00345644
Variable(12): 53 0.0022967
Variable(13): 20 0.000983882
Variable(14): 44 0.000720648
Variable(15): 74 0.000273249
Variable(16): 68 0.00014839
Variable(17): 79 0.000131691
Variable(18): 32 6.66955e-05
Variable(19): 4 4.8972e-05
Variable(20): 7 3.14806e-05
Variable(21): 83 2.68742e-05
Variable(22): 91 2.10247e-05
Variable(23): 81 1.79181e-05
Variable(24): 82 1.44297e-05
Variable(25): 48 1.30908e-05
Variable(26): 43 7.07052e-06
Variable(27): 26 6.05824e-06
Variable(28): 61 5.07111e-06
Variable(29): 1 4.99816e-06
Variable(30): 75 2.49617e-06
Variable(31): 80 1.8113e-06
Variable(32): 37 1.41353e-06
Variable(33): 70 1.27359e-06
Variable(34): 35 9.95511e-07
Variable(35): 12 8.10921e-07
Variable(36): 46 6.51586e-07
Variable(37): 55 3.32989e-07
Variable(38): 85 2.60399e-07
Variable(39): 8 2.37254e-07
Variable(40): 86 1.72898e-07
Variable(41): 66 1.39679e-07
Variable(42): 51 1.22147e-07
Variable(43): 24 1.10505e-07
Variable(44): 50 8.57499e-08
Variable(45): 38 7.05242e-08
Variable(46): 47 4.61917e-08
Variable(47): 19 3.69425e-08
Variable(48): 89 3.03732e-08
Variable(49): 69 2.49223e-08
Variable(50): 30 2.25538e-08
Variable(51): 73 1.53864e-08
Variable(52): 77 1.10642e-08
Variable(53): 14 8.69913e-09
Variable(54): 52 7.44016e-09
Variable(55): 90 6.27934e-09
Variable(56): 3 5.96266e-09
Variable(57): 56 4.22637e-09
Variable(58): 41 2.5881e-09
Variable(59): 78 1.98775e-09
Variable(60): 0 1.55771e-09
Variable(61): 49 1.29975e-09
Variable(62): 15 1.03179e-09
Variable(63): 13 9.06039e-10
Variable(64): 34 6.68461e-10
Variable(65): 60 6.15046e-10
Variable(66): 62 5.55563e-10
Variable(67): 31 5.16966e-10
Variable(68): 72 3.84251e-10
Variable(69): 21 2.79457e-10
Variable(70): 65 2.5689e-10
Variable(71): 76 2.28127e-10
Variable(72): 36 1.27102e-10
sketch_matrix:
   nrows: 156695
   ncols: 81
   ncols2: 25
   nthreads: 12
Variable(1): 0 448.857
Variable(2): 77 7.45726
Variable(3): 5 4.09464
Variable(4): 52 1.78666
Variable(5): 36 0.309247
Variable(6): 76 0.256578
Variable(7): 2 0.135725
Variable(8): 23 0.0647883
Variable(9): 54 0.0401148
Variable(10): 50 0.0212121
Variable(11): 51 0.00508789
Variable(12): 43 0.00316255
Variable(13): 79 0.00232088
Variable(14): 34 0.00178716
Variable(15): 14 0.00128162
Variable(16): 70 0.000494501
Variable(17): 57 0.000331537
Variable(18): 46 0.000224258
Variable(19): 44 0.000205334
Variable(20): 71 0.000140077
Variable(21): 17 0.000118457
Variable(22): 80 5.33449e-05
Variable(23): 72 3.19285e-05
Variable(24): 31 2.65115e-05
Variable(25): 3 2.05426e-05
Variable(26): 62 1.53009e-05
Variable(27): 73 1.31256e-05
Variable(28): 48 1.22343e-05
Variable(29): 27 7.05165e-06
Variable(30): 40 5.30606e-06
Variable(31): 68 3.72169e-06
Variable(32): 78 3.18472e-06
Variable(33): 24 2.11993e-06
Variable(34): 75 1.67144e-06
Variable(35): 6 1.31757e-06
Variable(36): 25 1.05749e-06
Variable(37): 49 7.83786e-07
Variable(38): 64 5.64679e-07
Variable(39): 10 4.15002e-07
Variable(40): 60 2.8139e-07
Variable(41): 67 2.27533e-07
Variable(42): 47 1.91297e-07
Variable(43): 30 1.77547e-07
Variable(44): 4 1.49999e-07
Variable(45): 63 1.10456e-07
Variable(46): 59 8.78647e-08
Variable(47): 61 4.38593e-08
Variable(48): 65 3.1537e-08
Variable(49): 41 3.10065e-08
Variable(50): 42 2.48185e-08
Variable(51): 45 1.85962e-08
Variable(52): 53 1.08784e-08
Variable(53): 8 9.82349e-09
Variable(54): 39 9.64932e-09
Variable(55): 66 8.70976e-09
Variable(56): 55 5.41041e-09
Variable(57): 22 4.56179e-09
Variable(58): 20 3.2606e-09
Variable(59): 69 3.16329e-09
Variable(60): 28 2.09361e-09
Variable(61): 13 1.44559e-09
Variable(62): 26 7.11203e-10
Variable(63): 74 5.53995e-10
Variable(64): 9 4.89697e-10
Variable(65): 35 3.83415e-10
Variable(66): 58 3.67519e-10
Variable(67): 56 2.36579e-10
Variable(68): 37 1.57219e-10
Variable(69): 21 6.52199e-11
sketch_matrix:
   nrows: 156695
   ncols: 31
   ncols2: 25
   nthreads: 12
Variable(1): 0 135.425
Variable(2): 30 2.52961
Variable(3): 7 0.0930939
Variable(4): 18 0.00287863
Variable(5): 27 0.000844578
Variable(6): 1 0.000787953
Variable(7): 25 0.000101435
Variable(8): 4 2.3462e-05
Variable(9): 22 7.47309e-06
Variable(10): 15 4.21819e-06
Variable(11): 13 2.30891e-07
Variable(12): 23 2.06539e-07
Variable(13): 19 6.75216e-08
Variable(14): 8 4.82406e-08
Variable(15): 24 1.51739e-08
Variable(16): 2 7.36528e-09
Variable(17): 5 3.92148e-09
Variable(18): 26 1.83917e-09
Variable(19): 29 1.52441e-09
Variable(20): 6 6.08509e-10
Variable(21): 12 3.68498e-10
Variable(22): 20 1.67926e-10
Variable(23): 9 6.7546e-11
sketch_matrix:
   nrows: 156695
   ncols: 22
   ncols2: 204
   nthreads: 12
Variable(1): 2 1.12147
Variable(2): 8 0.0648893
Variable(3): 17 0.0130698
Variable(4): 1 0.00130259
Variable(5): 20 0.000635994
Variable(6): 21 6.25464e-05
Variable(7): 16 3.97024e-05
Variable(8): 5 1.44965e-05
Variable(9): 3 8.09703e-06
Variable(10): 0 3.70142e-06
Variable(11): 11 2.76727e-06
Variable(12): 10 4.68667e-07
Variable(13): 14 1.80432e-07
Variable(14): 12 1.72635e-07
Variable(15): 4 7.46778e-08
Variable(16): 19 2.58852e-08
Variable(17): 6 7.54529e-09
Variable(18): 18 3.88966e-09
Variable(19): 15 2.24535e-09
Variable(20): 7 2.2549e-10
Variable(21): 9 9.5132e-11
sketch_matrix:
   nrows: 156695
   ncols: 343
   ncols2: 204
   nthreads: 12
Variable(1): 17 0.205312
Variable(2): 20 0.0696712
Variable(3): 333 0.0108673
Variable(4): 19 0.00792339
Variable(5): 13 0.00398878
Variable(6): 33 0.00112932
Variable(7): 223 0.00107523
Variable(8): 215 0.00042087
Variable(9): 267 0.000316765
Variable(10): 212 0.000211947
Variable(11): 3 0.000117555
Variable(12): 200 9.88898e-05
Variable(13): 270 7.94697e-05
Variable(14): 178 4.07793e-05
Variable(15): 26 3.97261e-05
Variable(16): 153 3.27072e-05
Variable(17): 297 2.17309e-05
Variable(18): 214 2.00943e-05
Variable(19): 8 1.38485e-05
Variable(20): 245 1.13412e-05
Variable(21): 289 9.2265e-06
Variable(22): 211 8.26577e-06
Variable(23): 341 6.70402e-06
Variable(24): 185 5.55538e-06
Variable(25): 170 4.48424e-06
Variable(26): 298 3.96698e-06
Variable(27): 110 3.64183e-06
Variable(28): 181 2.84531e-06
Variable(29): 154 2.02771e-06
Variable(30): 327 1.67426e-06
Variable(31): 228 1.57661e-06
Variable(32): 59 1.16917e-06
Variable(33): 16 8.71961e-07
Variable(34): 221 7.80882e-07
Variable(35): 90 7.06896e-07
Variable(36): 318 6.77232e-07
Variable(37): 156 6.29983e-07
Variable(38): 22 4.40523e-07
Variable(39): 46 4.38103e-07
Variable(40): 249 3.97843e-07
Variable(41): 284 3.35084e-07
Variable(42): 72 3.14945e-07
Variable(43): 57 2.84546e-07
Variable(44): 236 2.35263e-07
Variable(45): 332 2.01337e-07
Variable(46): 187 1.9546e-07
Variable(47): 4 1.73235e-07
Variable(48): 258 1.57711e-07
Variable(49): 85 1.47268e-07
Variable(50): 207 1.41238e-07
Variable(51): 12 1.13486e-07
Variable(52): 227 8.76596e-08
Variable(53): 115 7.70157e-08
Variable(54): 177 7.26007e-08
Variable(55): 290 5.69489e-08
Variable(56): 256 5.27367e-08
Variable(57): 339 4.6139e-08
Variable(58): 55 3.85957e-08
Variable(59): 171 3.74983e-08
Variable(60): 292 3.42011e-08
Variable(61): 103 3.35436e-08
Variable(62): 293 3.07973e-08
Variable(63): 184 2.86182e-08
Variable(64): 99 2.85088e-08
Variable(65): 194 2.5325e-08
Variable(66): 67 2.34245e-08
Variable(67): 322 2.32312e-08
Variable(68): 308 2.21734e-08
Variable(69): 112 1.86197e-08
Variable(70): 276 1.77804e-08
Variable(71): 44 1.65493e-08
Variable(72): 220 1.45002e-08
Variable(73): 53 1.34698e-08
Variable(74): 311 1.19956e-08
Variable(75): 87 1.17028e-08
Variable(76): 277 1.13696e-08
Variable(77): 2 9.95274e-09
Variable(78): 216 9.14964e-09
Variable(79): 168 9.12358e-09
Variable(80): 331 7.80663e-09
Variable(81): 136 6.79114e-09
Variable(82): 230 6.30527e-09
Variable(83): 0 5.94883e-09
Variable(84): 330 5.51884e-09
Variable(85): 9 5.13873e-09
Variable(86): 21 4.44504e-09
Variable(87): 144 4.30523e-09
Variable(88): 222 3.99163e-09
Variable(89): 325 3.89893e-09
Variable(90): 130 3.66087e-09
Variable(91): 219 3.37873e-09
Variable(92): 27 3.04817e-09
Variable(93): 31 2.53396e-09
Variable(94): 248 2.31266e-09
Variable(95): 155 2.24466e-09
Variable(96): 161 2.11225e-09
Variable(97): 274 2.05931e-09
Variable(98): 294 1.97785e-09
Variable(99): 263 1.69883e-09
Variable(100): 15 1.63391e-09
Variable(101): 100 1.45683e-09
Variable(102): 42 1.42948e-09
Variable(103): 10 1.3618e-09
Variable(104): 135 1.33075e-09
Variable(105): 302 1.23077e-09
Variable(106): 303 1.06295e-09
Variable(107): 128 1.00028e-09
Variable(108): 238 9.32334e-10
Variable(109): 272 8.50339e-10
Variable(110): 218 8.06486e-10
Variable(111): 255 7.63436e-10
Variable(112): 179 7.29403e-10
Variable(113): 145 6.61301e-10
Variable(114): 280 6.50743e-10
Variable(115): 79 5.73918e-10
Variable(116): 234 5.16584e-10
Variable(117): 167 4.48553e-10
Variable(118): 124 4.27338e-10
Variable(119): 285 4.17803e-10
Variable(120): 309 3.37448e-10
Variable(121): 209 3.37275e-10
Variable(122): 225 3.24903e-10
Variable(123): 108 3.15802e-10
Variable(124): 38 2.87997e-10
Variable(125): 190 2.62872e-10
Variable(126): 162 2.55338e-10
Variable(127): 254 2.34172e-10
Variable(128): 203 2.26636e-10
Variable(129): 210 2.16324e-10
Variable(130): 316 2.13371e-10
Variable(131): 51 1.90528e-10
Variable(132): 213 1.76283e-10
Variable(133): 340 1.59367e-10
Variable(134): 205 1.49276e-10
sketch_matrix:
   nrows: 156695
   ncols: 232
   ncols2: 204
   nthreads: 12
Variable(1): 0 1.33727
Variable(2): 36 0.265528
Variable(3): 225 0.0215438
Variable(4): 13 0.0180124
Variable(5): 12 0.0125935
Variable(6): 51 0.00317724
Variable(7): 156 0.00236796
Variable(8): 154 0.00110587
Variable(9): 178 0.00104286
Variable(10): 175 0.000822067
Variable(11): 145 0.000458227
Variable(12): 87 0.000282451
Variable(13): 67 0.000191768
Variable(14): 168 0.000147091
Variable(15): 221 0.000104988
Variable(16): 137 9.62019e-05
Variable(17): 10 8.76229e-05
Variable(18): 18 7.56169e-05
Variable(19): 209 5.67962e-05
Variable(20): 78 4.77777e-05
Variable(21): 43 3.16545e-05
Variable(22): 207 2.1951e-05
Variable(23): 231 1.89586e-05
Variable(24): 211 1.58395e-05
Variable(25): 130 1.13647e-05
Variable(26): 81 1.03095e-05
Variable(27): 25 7.39403e-06
Variable(28): 165 6.49822e-06
Variable(29): 179 5.78864e-06
Variable(30): 219 5.47751e-06
Variable(31): 166 4.30581e-06
Variable(32): 46 3.82523e-06
Variable(33): 22 3.6366e-06
Variable(34): 201 3.57234e-06
Variable(35): 9 2.28434e-06
Variable(36): 158 1.93427e-06
Variable(37): 228 1.89501e-06
Variable(38): 206 1.51198e-06
Variable(39): 93 1.18112e-06
Variable(40): 152 1.09774e-06
Variable(41): 134 1.03528e-06
Variable(42): 26 9.17198e-07
Variable(43): 177 8.9222e-07
Variable(44): 52 8.72687e-07
Variable(45): 197 5.94839e-07
Variable(46): 80 5.34237e-07
Variable(47): 111 5.24958e-07
Variable(48): 104 3.61567e-07
Variable(49): 212 3.3725e-07
Variable(50): 205 3.15748e-07
Variable(51): 8 3.05503e-07
Variable(52): 155 2.84335e-07
Variable(53): 204 2.45583e-07
Variable(54): 122 2.25965e-07
Variable(55): 109 2.14564e-07
Variable(56): 142 1.94814e-07
Variable(57): 150 1.90951e-07
Variable(58): 185 1.55124e-07
Variable(59): 37 1.47678e-07
Variable(60): 191 1.09677e-07
Variable(61): 48 9.43617e-08
Variable(62): 170 7.63528e-08
Variable(63): 31 7.54138e-08
Variable(64): 85 6.27577e-08
Variable(65): 164 6.19553e-08
Variable(66): 195 5.02753e-08
Variable(67): 57 4.3509e-08
Variable(68): 210 4.30437e-08
Variable(69): 119 3.67884e-08
Variable(70): 230 3.395e-08
Variable(71): 227 3.36563e-08
Variable(72): 98 3.20248e-08
Variable(73): 6 3.07594e-08
Variable(74): 84 2.85601e-08
Variable(75): 188 2.79011e-08
Variable(76): 79 2.57226e-08
Variable(77): 159 2.53244e-08
Variable(78): 124 2.22929e-08
Variable(79): 72 1.91416e-08
Variable(80): 208 1.73709e-08
Variable(81): 200 1.63992e-08
Variable(82): 184 1.51198e-08
Variable(83): 59 1.46956e-08
Variable(84): 223 1.4424e-08
Variable(85): 131 1.16782e-08
Variable(86): 163 1.12509e-08
Variable(87): 125 8.71841e-09
Variable(88): 167 8.68917e-09
Variable(89): 15 7.88119e-09
Variable(90): 161 6.34987e-09
Variable(91): 3 5.86083e-09
Variable(92): 34 5.0289e-09
Variable(93): 183 4.96308e-09
Variable(94): 196 4.25736e-09
Variable(95): 64 3.9995e-09
Variable(96): 49 3.81149e-09
Variable(97): 224 3.27225e-09
Variable(98): 76 3.0324e-09
Variable(99): 127 2.96293e-09
Variable(100): 96 2.70674e-09
Variable(101): 186 2.63118e-09
Variable(102): 192 2.56296e-09
Variable(103): 194 2.12256e-09
Variable(104): 118 1.90493e-09
Variable(105): 160 1.7355e-09
Variable(106): 138 1.65648e-09
Variable(107): 99 1.61216e-09
Variable(108): 171 1.47617e-09
Variable(109): 203 1.37601e-09
Variable(110): 174 1.34723e-09
Variable(111): 217 1.27694e-09
Variable(112): 20 1.14027e-09
Variable(113): 66 1.10377e-09
Variable(114): 5 8.87023e-10
Variable(115): 2 8.46706e-10
Variable(116): 117 7.51577e-10
Variable(117): 157 7.1155e-10
Variable(118): 30 6.24708e-10
Variable(119): 169 5.49485e-10
Variable(120): 173 4.48676e-10
Variable(121): 123 4.3488e-10
Variable(122): 42 3.69154e-10
Variable(123): 132 3.52899e-10
Variable(124): 83 3.42532e-10
Variable(125): 182 3.38711e-10
Variable(126): 77 3.32208e-10
Variable(127): 110 2.92389e-10
Variable(128): 128 2.79389e-10
Variable(129): 216 2.65579e-10
Variable(130): 214 2.24724e-10
Variable(131): 86 2.10833e-10
Variable(132): 65 2.05234e-10
Variable(133): 1 1.87239e-10
Variable(134): 103 1.68529e-10
Variable(135): 181 1.48423e-10
sketch_matrix:
   nrows: 156695
   ncols: 564
   ncols2: 204
   nthreads: 12
Variable(1): 373 1.93087
Variable(2): 9 0.36366
Variable(3): 36 0.125398
Variable(4): 55 0.0199013
Variable(5): 173 0.0137903
Variable(6): 384 0.00698725
Variable(7): 552 0.00511347
Variable(8): 49 0.00305717
Variable(9): 503 0.00240301
Variable(10): 343 0.00167087
Variable(11): 380 0.00115205
Variable(12): 323 0.0010605
Variable(13): 188 0.000893374
Variable(14): 539 0.000561359
Variable(15): 382 0.000399573
Variable(16): 34 0.000387085
Variable(17): 22 0.000309463
Variable(18): 554 0.000244524
Variable(19): 282 0.000122728
Variable(20): 538 0.000100891
Variable(21): 479 9.26972e-05
Variable(22): 256 7.64754e-05
Variable(23): 41 5.66891e-05
Variable(24): 307 4.11135e-05
Variable(25): 23 4.06415e-05
Variable(26): 377 3.59089e-05
Variable(27): 57 3.52647e-05
Variable(28): 560 2.21347e-05
Variable(29): 311 2.10195e-05
Variable(30): 31 1.927e-05
Variable(31): 548 1.61863e-05
Variable(32): 242 1.57325e-05
Variable(33): 42 1.48323e-05
Variable(34): 355 1.37338e-05
Variable(35): 148 9.9483e-06
Variable(36): 489 7.73976e-06
Variable(37): 365 6.50977e-06
Variable(38): 115 5.5277e-06
Variable(39): 394 5.19789e-06
Variable(40): 478 4.95161e-06
Variable(41): 146 4.85728e-06
Variable(42): 499 4.39982e-06
Variable(43): 109 3.31344e-06
Variable(44): 339 2.48049e-06
Variable(45): 486 2.39851e-06
Variable(46): 371 2.33813e-06
Variable(47): 545 2.2528e-06
Variable(48): 525 1.77018e-06
Variable(49): 327 1.74046e-06
Variable(50): 141 1.39497e-06
Variable(51): 347 1.32698e-06
Variable(52): 425 1.22011e-06
Variable(53): 178 1.13935e-06
Variable(54): 169 1.07254e-06
Variable(55): 5 9.42349e-07
Variable(56): 160 9.10195e-07
Variable(57): 487 8.22195e-07
Variable(58): 496 6.85547e-07
Variable(59): 59 6.69579e-07
Variable(60): 0 6.36734e-07
Variable(61): 222 5.74399e-07
Variable(62): 405 5.38067e-07
Variable(63): 378 5.05108e-07
Variable(64): 28 4.72919e-07
Variable(65): 400 4.56286e-07
Variable(66): 102 4.23232e-07
Variable(67): 285 4.14761e-07
Variable(68): 426 3.78613e-07
Variable(69): 557 3.70089e-07
Variable(70): 321 3.55533e-07
Variable(71): 101 3.43011e-07
Variable(72): 313 2.90338e-07
Variable(73): 515 2.40862e-07
Variable(74): 220 2.38104e-07
Variable(75): 333 2.26591e-07
Variable(76): 48 2.02634e-07
Variable(77): 29 1.76075e-07
Variable(78): 39 1.70049e-07
Variable(79): 520 1.51957e-07
Variable(80): 342 1.4973e-07
Variable(81): 170 1.37194e-07
Variable(82): 237 1.30985e-07
Variable(83): 422 1.23767e-07
Variable(84): 82 1.21985e-07
Variable(85): 306 1.1017e-07
Variable(86): 187 1.07798e-07
Variable(87): 563 1.0455e-07
Variable(88): 362 9.29672e-08
Variable(89): 484 9.14569e-08
Variable(90): 38 7.76216e-08
Variable(91): 303 7.48788e-08
Variable(92): 275 6.74409e-08
Variable(93): 546 6.49808e-08
Variable(94): 354 6.37188e-08
Variable(95): 491 6.08985e-08
Variable(96): 234 5.66909e-08
Variable(97): 143 5.33682e-08
Variable(98): 419 5.18862e-08
Variable(99): 338 4.90711e-08
Variable(100): 549 4.64064e-08
Variable(101): 363 4.45975e-08
Variable(102): 280 3.81855e-08
Variable(103): 320 3.73632e-08
Variable(104): 482 3.61184e-08
Variable(105): 85 3.36429e-08
Variable(106): 78 3.2459e-08
Variable(107): 15 3.11593e-08
Variable(108): 317 2.8882e-08
Variable(109): 375 2.69104e-08
Variable(110): 544 2.47059e-08
Variable(111): 316 2.28926e-08
Variable(112): 534 2.28263e-08
Variable(113): 182 2.17596e-08
Variable(114): 3 1.99732e-08
Variable(115): 33 1.92803e-08
Variable(116): 301 1.77722e-08
Variable(117): 411 1.66264e-08
Variable(118): 21 1.51116e-08
Variable(119): 299 1.49248e-08
Variable(120): 194 1.42204e-08
Variable(121): 370 1.39601e-08
Variable(122): 551 1.33302e-08
Variable(123): 543 1.2972e-08
Variable(124): 252 1.19683e-08
Variable(125): 10 1.0712e-08
Variable(126): 533 1.04985e-08
Variable(127): 184 1.02841e-08
Variable(128): 459 9.98757e-09
Variable(129): 437 9.33987e-09
Variable(130): 52 8.97628e-09
Variable(131): 443 8.3281e-09
Variable(132): 153 8.10325e-09
Variable(133): 497 7.0291e-09
Variable(134): 214 6.61283e-09
Variable(135): 167 6.13746e-09
Variable(136): 461 5.82058e-09
Variable(137): 51 5.39728e-09
Variable(138): 356 4.9795e-09
Variable(139): 553 4.88863e-09
Variable(140): 295 4.75154e-09
Variable(141): 516 4.38773e-09
Variable(142): 259 4.17197e-09
Variable(143): 529 4.08753e-09
Variable(144): 176 4.05821e-09
Variable(145): 368 3.80397e-09
Variable(146): 475 3.71998e-09
Variable(147): 351 3.5681e-09
Variable(148): 244 3.40414e-09
Variable(149): 494 3.23496e-09
Variable(150): 26 3.14984e-09
Variable(151): 69 2.98574e-09
Variable(152): 469 2.92358e-09
Variable(153): 361 2.87525e-09
Variable(154): 506 2.58847e-09
Variable(155): 493 2.58351e-09
Variable(156): 389 2.4115e-09
Variable(157): 457 2.37525e-09
Variable(158): 158 2.35178e-09
Variable(159): 117 2.10843e-09
Variable(160): 541 2.07332e-09
Variable(161): 56 2.01801e-09
Variable(162): 304 1.80497e-09
Variable(163): 322 1.70926e-09
Variable(164): 24 1.68266e-09
Variable(165): 462 1.53384e-09
Variable(166): 325 1.52111e-09
Variable(167): 288 1.45432e-09
Variable(168): 131 1.379e-09
Variable(169): 415 1.27071e-09
Variable(170): 93 1.26679e-09
Variable(171): 326 1.19895e-09
Variable(172): 251 1.17527e-09
Variable(173): 150 1.07688e-09
Variable(174): 521 1.06439e-09
Variable(175): 4 1.00447e-09
Variable(176): 530 9.63908e-10
Variable(177): 379 9.41768e-10
Variable(178): 156 9.07175e-10
Variable(179): 212 8.83223e-10
Variable(180): 550 8.60963e-10
Variable(181): 18 8.05831e-10
Variable(182): 70 7.38956e-10
Variable(183): 372 7.34804e-10
Variable(184): 224 7.13853e-10
Variable(185): 113 6.80226e-10
Variable(186): 488 6.57225e-10
Variable(187): 98 6.43657e-10
Variable(188): 523 6.24159e-10
Variable(189): 464 5.96064e-10
Variable(190): 43 5.65296e-10
Variable(191): 292 5.53048e-10
Variable(192): 53 5.42002e-10
Variable(193): 562 5.25228e-10
Variable(194): 164 4.87329e-10
Variable(195): 456 4.68194e-10
Variable(196): 366 4.49429e-10
Variable(197): 206 4.37333e-10
Variable(198): 297 4.36088e-10
Variable(199): 60 4.23688e-10
Variable(200): 159 3.97897e-10
Variable(201): 369 3.96802e-10
Variable(202): 500 3.78587e-10
Variable(203): 396 3.63413e-10
Variable(204): 302 3.49369e-10
Variable(205): 524 3.40267e-10
Variable(206): 328 3.36044e-10
Variable(207): 138 3.16213e-10
Variable(208): 467 2.86633e-10
Variable(209): 191 2.8198e-10
Variable(210): 162 2.72342e-10
Variable(211): 407 2.61237e-10
Variable(212): 270 2.61361e-10
Variable(213): 337 2.37878e-10
Variable(214): 193 2.32132e-10
Variable(215): 40 2.18578e-10
Variable(216): 556 2.09282e-10
Variable(217): 181 2.02867e-10
Variable(218): 507 1.8997e-10
Variable(219): 140 1.89576e-10
Variable(220): 402 1.83369e-10
Variable(221): 305 1.7735e-10
Variable(222): 30 1.67768e-10
Variable(223): 453 1.39862e-10
sketch_matrix:
   nrows: 156695
   ncols: 57
   ncols2: 204
   nthreads: 12
Variable(1): 3 0.281058
Variable(2): 19 0.0150646
Variable(3): 51 0.00281527
Variable(4): 52 7.20217e-05
Variable(5): 31 3.40758e-05
Variable(6): 56 2.22966e-05
Variable(7): 7 1.11841e-05
Variable(8): 48 2.07084e-06
Variable(9): 0 1.0512e-06
Variable(10): 38 4.15519e-07
Variable(11): 24 3.61434e-07
Variable(12): 41 1.16334e-07
Variable(13): 13 5.35187e-08
Variable(14): 14 4.75734e-08
Variable(15): 17 3.89092e-08
Variable(16): 50 7.61253e-09
Variable(17): 32 7.09326e-09
Variable(18): 27 4.18229e-09
Variable(19): 18 3.27269e-09
Variable(20): 55 1.40498e-09
Variable(21): 21 1.23784e-09
Variable(22): 11 9.05973e-10
Variable(23): 8 6.75981e-10
Variable(24): 4 6.45604e-10
Variable(25): 47 4.52715e-10
Variable(26): 45 2.70192e-10
Variable(27): 33 1.8807e-10
Variable(28): 34 1.30888e-10
#####   Finished sketch_matrices   #####
CPU time: 6097.7 seconds
