Number of training configurations = 627983
Number of atoms in configuration = 12
Number of atom types = 2
Atom types:
H
C
Number of atom type pairs = 3
Number of atom type triplets = 4
Number of atom type quadruplets = 5
Atom type pairs, minimum and maximum distances, max-min and number of grid points:
H H 2.1033924978472416 5.277618365323514 3.17423 7
H C 0.97125364349380605 4.1271183651550345 3.15586 17
C C 1.2849957198372377 2.9899622071190048 1.70497 10
Generated 76 grid points for triplets of type 0
Generated 1188 grid points for triplets of type 1
Generated 610 grid points for triplets of type 2
Generated 211 grid points for triplets of type 3
Generated 3160 grid points for quadruplets of type 0
Generated 322649 grid points for quadruplets of type 1
Generated 48697 grid points for quadruplets of type 2
Generated 262986 grid points for quadruplets of type 3
Generated 30990 grid points for quadruplets of type 4
2B descriptors selected according to closeness to training points
Descriptors of type 0
6
0
1
2
3
5
6
Descriptors of type 1
12
0
1
2
3
4
5
10
11
12
13
15
16
Descriptors of type 2
7
0
1
2
3
7
8
9
3B descriptors selected according to closeness to training points
Descriptors of type 0
15
0 1 5
0 2 5
0 3 5
0 5 6
1 1 5
1 2 5
1 3 5
1 5 5
1 5 6
2 2 5
2 3 5
2 5 5
2 5 6
3 5 6
5 5 5
15
Descriptors of type 1
109
0 11 1
0 11 2
0 12 1
0 12 2
0 15 8
0 15 9
1 10 0
1 10 1
1 11 0
1 11 1
1 11 2
1 12 1
1 12 2
1 15 8
1 15 9
2 10 0
2 10 1
2 11 0
2 11 1
2 11 2
2 12 0
2 12 1
2 12 2
2 12 3
2 15 8
3 11 0
3 11 1
3 11 2
3 12 0
3 12 1
3 12 2
3 12 3
3 13 3
3 15 7
3 15 8
4 11 0
4 11 1
4 11 2
4 12 0
4 12 1
4 12 2
4 13 3
4 15 7
4 15 8
4 16 9
5 12 1
5 15 7
5 16 9
10 11 7
10 12 7
10 12 8
10 15 7
10 15 8
10 15 9
10 16 7
10 16 8
11 11 7
11 11 8
11 12 7
11 12 8
11 13 8
11 15 2
11 15 3
11 15 7
11 15 8
11 15 9
11 16 7
11 16 8
12 12 7
12 12 8
12 13 8
12 15 0
12 15 1
12 15 2
12 15 3
12 15 7
12 15 8
12 15 9
12 16 7
12 16 8
13 15 1
13 15 9
13 16 7
15 15 0
15 15 1
15 15 2
15 15 7
15 15 8
15 16 0
15 16 1
15 16 2
15 16 3
92
Descriptors of type 2
92
0 11 0
0 11 1
0 11 2
0 12 1
0 12 2
0 15 5
1 10 1
1 11 0
1 11 1
1 11 2
1 12 0
1 12 1
1 12 2
1 15 5
2 10 0
2 10 1
2 11 0
2 11 1
2 11 2
2 12 0
2 12 1
2 12 2
2 12 3
2 13 2
2 13 3
2 15 5
3 10 0
3 10 1
3 11 0
3 11 1
3 11 2
3 12 0
3 12 1
3 12 2
3 12 3
3 15 5
4 11 0
4 11 1
4 11 2
4 12 1
4 12 2
4 12 3
4 15 5
4 16 6
5 11 2
5 12 2
5 15 5
5 16 6
10 15 2
10 15 5
10 15 6
10 16 5
11 12 5
11 13 5
11 15 0
11 15 1
11 15 2
11 15 3
11 15 5
11 15 6
11 16 5
12 12 5
12 13 5
12 15 0
12 15 1
12 15 2
12 15 3
12 15 5
12 15 6
12 16 5
13 15 1
13 15 6
13 16 5
15 15 0
15 15 1
15 15 2
15 15 5
15 16 0
15 16 1
15 16 2
15 16 3
81
Descriptors of type 3
31
0 1 7
0 1 8
0 2 7
0 2 8
0 7 8
0 7 9
0 8 8
0 8 9
1 1 7
1 1 8
1 2 7
1 2 8
1 3 7
1 3 8
1 7 8
1 7 9
1 8 8
1 8 9
2 2 7
2 2 8
2 7 8
2 7 9
2 8 8
2 8 9
3 7 8
3 7 9
3 8 9
7 7 7
7 7 8
7 8 8
8 8 8
31
4B descriptors selected according to closeness to training points
Descriptors of type 0
94
0 1 5 5 3 6
0 2 5 5 2 6
0 2 5 5 6 1
0 2 5 5 6 2
0 3 5 5 6 1
1 1 5 5 1 6
1 1 5 5 2 6
1 1 5 5 3 6
1 1 5 5 5 5
1 2 5 5 2 6
1 2 5 5 3 6
1 2 5 5 5 5
1 2 5 5 6 1
1 2 5 5 6 2
1 2 5 5 6 3
1 3 5 5 6 1
1 3 5 5 6 2
1 5 5 5 6 1
1 5 5 5 6 2
2 2 5 5 2 6
2 2 5 5 3 6
2 5 5 5 6 2
22
Descriptors of type 1
1031
0 11 11 1 1 7
0 11 11 1 2 7
0 11 11 2 2 8
0 11 12 2 2 7
0 11 15 1 8 2
0 11 15 1 8 7
0 11 15 1 8 8
0 11 15 1 8 9
0 11 15 1 9 7
0 11 15 1 9 8
0 11 15 2 8 7
0 11 15 2 8 8
0 11 15 2 8 9
0 12 15 1 8 1
0 12 15 2 8 1
0 12 15 2 8 2
0 12 15 2 8 8
0 15 15 8 8 1
0 15 15 8 8 2
0 15 15 8 8 7
1 10 11 1 1 7
1 10 12 1 1 7
1 10 15 1 8 7
1 11 11 0 2 7
1 11 11 1 1 7
1 11 11 1 2 7
1 11 11 1 2 8
1 11 11 2 2 7
1 11 11 2 2 8
1 11 12 1 2 7
1 11 12 2 2 7
1 11 15 0 8 7
1 11 15 0 8 8
1 11 15 0 8 9
1 11 15 1 8 2
1 11 15 1 8 7
1 11 15 1 8 8
1 11 15 1 8 9
1 11 15 1 9 7
1 11 15 2 8 7
1 11 15 2 8 8
1 11 15 2 8 9
1 12 15 1 8 1
1 12 15 1 8 2
1 12 15 1 8 7
1 12 15 1 8 8
1 12 15 2 8 0
1 12 15 2 8 1
1 12 15 2 8 2
1 12 15 2 8 7
1 12 15 2 8 8
1 12 15 2 8 9
1 15 15 8 8 1
1 15 15 8 8 2
1 15 15 8 8 7
1 15 15 8 8 8
2 10 12 1 1 7
2 10 12 1 2 8
2 10 15 1 8 7
2 11 11 0 1 7
2 11 11 0 2 7
2 11 11 1 1 7
2 11 11 1 2 7
2 11 11 1 2 8
2 11 11 2 2 7
2 11 11 2 2 8
2 11 12 1 2 7
2 11 12 1 3 7
2 11 12 1 3 8
2 11 12 2 1 7
2 11 12 2 2 7
2 11 12 2 2 8
2 11 15 0 8 2
2 11 15 0 8 7
2 11 15 0 8 8
2 11 15 0 8 9
2 11 15 1 8 2
2 11 15 1 8 3
2 11 15 1 8 7
2 11 15 1 8 8
2 11 15 1 8 9
2 11 15 2 8 2
2 11 15 2 8 7
2 11 15 2 8 8
2 11 15 2 8 9
2 12 12 2 2 7
2 12 15 0 8 8
2 12 15 1 8 0
2 12 15 1 8 1
2 12 15 1 8 2
2 12 15 1 8 3
2 12 15 1 8 7
2 12 15 1 8 8
2 12 15 2 8 0
2 12 15 2 8 1
2 12 15 2 8 2
2 12 15 2 8 7
2 12 15 2 8 8
2 12 15 2 8 9
2 12 15 3 8 1
2 12 15 3 8 9
2 15 15 8 8 1
2 15 15 8 8 2
2 15 15 8 8 7
2 15 15 8 8 8
3 11 11 0 1 7
3 11 11 0 2 7
3 11 11 1 1 7
3 11 11 1 2 7
3 11 11 1 2 8
3 11 11 2 2 8
3 11 12 0 2 7
3 11 12 1 1 7
3 11 12 1 2 7
3 11 12 1 3 8
3 11 12 2 0 7
3 11 12 2 1 7
3 11 12 2 2 7
3 11 12 2 2 8
3 11 15 0 8 2
3 11 15 0 8 7
3 11 15 0 8 8
3 11 15 0 8 9
3 11 15 1 8 2
3 11 15 1 8 3
3 11 15 1 8 7
3 11 15 1 8 8
3 11 15 1 8 9
3 11 15 2 7 8
3 11 15 2 8 2
3 11 15 2 8 7
3 11 15 2 8 8
3 11 15 2 8 9
3 12 12 2 2 7
3 12 15 0 7 1
3 12 15 0 7 2
3 12 15 0 8 2
3 12 15 0 8 7
3 12 15 0 8 8
3 12 15 1 8 1
3 12 15 1 8 2
3 12 15 1 8 3
3 12 15 1 8 7
3 12 15 1 8 8
3 12 15 1 8 9
3 12 15 2 8 0
3 12 15 2 8 1
3 12 15 2 8 2
3 12 15 2 8 7
3 12 15 2 8 8
3 12 15 2 8 9
3 12 15 3 8 1
3 12 15 3 8 9
3 13 15 3 8 1
3 13 15 3 8 9
3 15 15 7 8 7
3 15 15 8 8 1
3 15 15 8 8 2
3 15 15 8 8 7
3 15 15 8 8 8
4 11 12 0 1 7
4 11 12 0 2 7
4 11 12 1 0 7
4 11 12 1 1 7
4 11 12 1 2 7
4 11 12 1 2 8
4 11 12 2 1 7
4 11 12 2 1 8
4 11 12 2 2 7
4 11 12 2 2 8
4 11 15 0 7 8
4 11 15 0 8 9
4 11 15 1 7 8
4 11 15 1 8 2
4 11 15 1 8 8
4 11 15 1 8 9
4 11 15 2 7 8
4 11 15 2 7 9
4 11 15 2 8 2
4 11 16 0 9 8
4 11 16 1 9 8
4 11 16 2 9 8
4 12 12 1 2 7
4 12 12 2 2 7
4 12 12 2 2 8
4 12 15 0 7 1
4 12 15 0 7 2
4 12 15 0 8 8
4 12 15 1 7 1
4 12 15 1 7 2
4 12 15 1 8 1
4 12 15 1 8 2
4 12 15 1 8 8
4 12 15 1 8 9
4 12 15 2 7 2
4 12 15 2 7 8
4 12 15 2 8 1
4 12 15 2 8 2
4 12 15 2 8 8
4 12 15 2 8 9
4 12 16 0 9 7
4 12 16 1 9 7
4 12 16 1 9 8
4 12 16 2 9 7
4 12 16 2 9 8
4 13 15 3 8 1
4 13 15 3 8 9
4 13 16 3 9 7
4 15 15 7 8 7
4 15 15 7 8 8
4 15 15 8 8 7
4 15 15 8 8 8
4 15 16 7 9 0
4 15 16 7 9 1
4 15 16 7 9 2
5 12 12 1 1 7
5 12 15 1 7 1
5 12 15 1 7 2
5 12 15 1 7 8
5 12 16 1 9 7
5 12 16 1 9 8
5 15 15 7 7 7
5 15 16 7 9 1
10 11 15 7 7 7
10 12 15 7 7 7
10 12 15 7 8 2
10 12 15 7 9 1
10 12 15 7 9 2
10 15 15 7 8 1
10 15 15 7 9 1
11 11 15 7 2 9
11 11 15 7 3 9
11 11 15 7 7 7
11 11 15 7 7 8
11 11 15 8 7 7
11 11 15 8 7 8
11 11 15 8 8 8
11 12 15 7 2 9
11 12 15 7 3 8
11 12 15 7 3 9
11 12 15 7 7 7
11 12 15 7 7 8
11 12 15 7 8 1
11 12 15 7 8 2
11 12 15 7 8 7
11 12 15 7 9 0
11 12 15 7 9 1
11 12 15 7 9 2
11 12 15 7 9 3
11 12 15 8 3 9
11 12 15 8 7 7
11 12 15 8 7 8
11 12 15 8 8 7
11 12 15 8 9 1
11 12 15 8 9 2
11 12 16 7 8 8
11 13 15 8 8 1
11 15 15 2 8 7
11 15 15 2 8 8
11 15 15 3 8 7
11 15 15 7 8 0
11 15 15 7 8 1
11 15 15 7 8 2
11 15 15 7 9 0
11 15 15 7 9 1
11 15 15 7 9 2
11 15 15 8 8 1
11 15 15 8 9 0
11 15 15 8 9 1
11 15 15 8 9 2
11 15 16 2 7 0
11 15 16 2 7 1
11 15 16 2 7 2
11 15 16 3 7 1
11 15 16 3 8 1
11 15 16 8 8 1
11 15 16 8 8 2
12 12 15 7 0 8
12 12 15 7 0 9
12 12 15 7 1 8
12 12 15 7 1 9
12 12 15 7 2 8
12 12 15 7 2 9
12 12 15 7 3 9
12 12 15 7 7 7
12 12 15 8 0 9
12 12 15 8 1 9
12 12 15 8 2 9
12 12 15 8 7 7
12 12 16 7 8 8
12 13 15 8 1 9
12 13 15 8 8 1
12 13 16 8 8 7
12 15 15 0 8 7
12 15 15 0 8 8
12 15 15 1 8 7
12 15 15 1 8 8
12 15 15 1 9 8
12 15 15 2 7 2
12 15 15 2 8 7
12 15 15 2 8 8
12 15 15 2 9 8
12 15 15 3 8 7
12 15 15 7 8 0
12 15 15 7 8 1
12 15 15 7 8 2
12 15 15 7 9 0
12 15 15 7 9 1
12 15 15 7 9 2
12 15 15 8 9 1
12 15 15 8 9 2
12 15 16 0 7 1
12 15 16 0 7 2
12 15 16 1 7 0
12 15 16 1 7 1
12 15 16 1 7 2
12 15 16 1 7 3
12 15 16 1 8 2
12 15 16 1 8 3
12 15 16 2 7 0
12 15 16 2 7 1
12 15 16 2 7 2
12 15 16 2 8 0
12 15 16 2 8 1
12 15 16 2 8 2
12 15 16 3 7 1
12 15 16 3 8 1
12 15 16 8 8 0
12 15 16 8 8 1
12 15 16 8 8 2
13 15 15 1 9 7
13 15 16 1 7 1
15 15 15 0 1 7
15 15 15 0 1 8
15 15 15 0 2 7
15 15 15 1 1 7
15 15 15 1 1 8
15 15 15 1 2 7
15 15 15 1 2 8
15 15 15 2 2 7
15 15 15 2 2 8
15 15 16 7 1 3
15 15 16 7 2 2
343
Descriptors of type 2
544
0 11 12 1 1 5
0 11 12 1 2 5
0 11 12 2 1 5
0 11 15 1 5 2
0 11 15 2 5 1
0 11 15 2 5 2
0 12 12 1 1 5
0 12 12 1 2 5
0 12 12 2 2 5
0 12 15 1 5 6
0 12 15 2 5 1
0 12 15 2 5 2
0 15 15 5 5 5
1 10 15 1 5 2
1 11 12 0 2 5
1 11 12 1 1 5
1 11 12 1 2 5
1 11 12 2 1 5
1 11 15 0 5 3
1 11 15 1 5 2
1 11 15 1 5 3
1 11 15 1 5 5
1 11 15 2 5 0
1 11 15 2 5 1
1 11 15 2 5 2
1 11 15 2 5 5
1 12 12 0 2 5
1 12 12 1 1 5
1 12 12 1 2 5
1 12 12 2 2 5
1 12 15 0 5 6
1 12 15 1 5 5
1 12 15 1 5 6
1 12 15 2 5 1
1 12 15 2 5 2
1 12 15 2 5 5
1 15 15 5 5 1
1 15 15 5 5 2
1 15 15 5 5 5
2 10 15 0 5 2
2 10 15 1 5 2
2 11 12 0 1 5
2 11 12 0 2 5
2 11 12 0 3 5
2 11 12 1 1 5
2 11 12 1 2 5
2 11 12 2 0 5
2 11 12 2 1 5
2 11 13 1 2 5
2 11 13 1 3 5
2 11 15 0 5 3
2 11 15 0 5 6
2 11 15 1 5 1
2 11 15 1 5 2
2 11 15 1 5 3
2 11 15 1 5 5
2 11 15 2 5 0
2 11 15 2 5 1
2 11 15 2 5 2
2 11 15 2 5 3
2 11 15 2 5 5
2 12 12 0 2 5
2 12 12 1 1 5
2 12 12 1 2 5
2 12 12 1 3 5
2 12 12 2 2 5
2 12 12 2 3 5
2 12 13 1 3 5
2 12 15 0 5 6
2 12 15 1 5 3
2 12 15 1 5 5
2 12 15 1 5 6
2 12 15 2 5 0
2 12 15 2 5 1
2 12 15 2 5 2
2 12 15 2 5 3
2 12 15 2 5 5
2 12 15 3 5 1
2 12 15 3 5 2
2 13 15 2 5 6
2 13 15 3 5 1
2 13 15 3 5 6
2 15 15 5 5 1
2 15 15 5 5 2
2 15 15 5 5 5
3 10 15 0 5 2
3 10 15 1 5 2
3 11 12 0 1 5
3 11 12 0 2 5
3 11 12 0 3 5
3 11 12 1 1 5
3 11 12 1 2 5
3 11 12 2 1 5
3 11 12 2 2 5
3 11 15 0 5 6
3 11 15 1 5 1
3 11 15 1 5 2
3 11 15 1 5 3
3 11 15 1 5 5
3 11 15 2 5 0
3 11 15 2 5 1
3 11 15 2 5 2
3 11 15 2 5 3
3 11 15 2 5 5
3 12 12 1 1 5
3 12 12 1 2 5
3 12 12 1 3 5
3 12 12 2 2 5
3 12 12 2 3 5
3 12 15 0 5 6
3 12 15 1 5 2
3 12 15 1 5 3
3 12 15 1 5 5
3 12 15 1 5 6
3 12 15 2 5 0
3 12 15 2 5 1
3 12 15 2 5 2
3 12 15 2 5 3
3 12 15 2 5 6
3 12 15 3 5 0
3 12 15 3 5 1
3 12 15 3 5 2
3 15 15 5 5 1
3 15 15 5 5 5
4 11 12 0 2 5
4 11 12 1 1 5
4 11 12 1 2 5
4 11 12 1 3 5
4 11 12 2 1 5
4 11 12 2 2 5
4 11 15 0 5 2
4 11 15 0 5 6
4 11 15 1 5 1
4 11 15 1 5 2
4 11 15 1 5 6
4 11 15 2 5 1
4 11 15 2 5 2
4 11 16 1 6 5
4 11 16 2 6 5
4 12 12 1 2 5
4 12 12 1 3 5
4 12 12 2 2 5
4 12 12 2 3 5
4 12 15 1 5 2
4 12 15 1 5 6
4 12 15 2 5 0
4 12 15 2 5 1
4 12 15 2 5 2
4 12 15 2 5 6
4 12 15 3 5 0
4 12 15 3 5 1
4 12 16 2 6 5
4 12 16 3 6 5
4 15 15 5 5 5
4 15 16 5 6 2
4 15 16 5 6 3
5 11 12 2 2 5
5 11 15 2 5 1
5 11 15 2 5 2
5 11 16 2 6 5
5 12 12 2 2 5
5 12 15 2 5 1
5 12 15 2 5 2
5 12 15 2 5 6
5 12 16 2 6 5
5 15 15 5 5 5
5 15 16 5 6 1
5 15 16 5 6 2
10 15 16 2 5 1
10 15 16 2 5 2
11 12 15 5 0 6
11 12 15 5 1 6
11 12 15 5 2 6
11 12 15 5 3 6
11 12 15 5 5 5
11 12 15 5 6 0
11 12 15 5 6 1
11 12 15 5 6 2
11 12 16 5 5 5
11 13 15 5 1 6
11 13 15 5 2 6
11 13 15 5 6 1
11 13 16 5 5 5
11 15 15 1 5 5
11 15 15 2 5 5
11 15 15 3 5 1
11 15 16 1 5 2
11 15 16 1 5 3
11 15 16 2 5 0
11 15 16 2 5 1
11 15 16 2 5 2
11 15 16 2 5 3
11 15 16 3 5 1
11 15 16 3 5 2
11 15 16 5 5 1
11 15 16 5 5 2
12 12 15 5 0 6
12 12 15 5 1 5
12 12 15 5 1 6
12 12 15 5 2 6
12 12 15 5 3 6
12 12 15 5 5 5
12 12 16 5 5 5
12 13 15 5 2 6
12 13 15 5 6 1
12 13 16 5 5 5
12 15 15 1 5 5
12 15 15 2 5 2
12 15 15 3 5 0
12 15 15 3 6 5
12 15 15 5 6 2
12 15 16 0 5 3
12 15 16 1 5 1
12 15 16 1 5 2
12 15 16 1 5 3
12 15 16 2 5 0
12 15 16 2 5 1
12 15 16 2 5 2
12 15 16 2 5 3
12 15 16 3 5 0
12 15 16 3 5 1
12 15 16 5 5 1
12 15 16 5 5 2
13 15 16 1 5 1
15 15 15 0 2 5
15 15 15 1 1 5
15 15 15 1 2 5
15 15 15 2 2 5
15 15 16 5 0 3
15 15 16 5 1 3
15 15 16 5 2 2
15 15 16 5 2 3
232
Descriptors of type 3
1422
0 0 15 11 15 8
0 1 10 11 3 0
0 1 10 11 3 1
0 1 11 11 3 2
0 1 11 12 15 1
0 1 12 12 15 1
0 1 15 11 15 8
0 1 15 11 16 8
0 1 15 12 15 8
0 2 10 11 2 0
0 2 10 11 2 1
0 2 10 11 3 1
0 2 11 11 2 2
0 2 11 11 3 2
0 2 11 11 4 2
0 2 11 11 15 2
0 2 12 11 15 2
0 2 12 12 15 1
0 2 15 11 12 8
0 2 15 11 15 8
0 2 15 11 16 8
0 2 15 12 15 8
0 3 11 11 3 2
0 3 12 11 15 2
0 3 12 12 15 1
0 3 15 11 12 8
0 3 15 11 15 7
0 3 15 11 15 8
0 3 15 11 16 8
0 4 15 11 12 8
0 4 15 11 15 7
0 4 16 11 15 9
0 11 15 15 15 7
0 11 15 15 15 8
0 12 15 15 15 7
0 12 15 15 15 8
0 12 15 15 16 0
0 12 15 15 16 1
0 12 15 15 16 2
0 15 15 15 15 1
0 15 15 15 16 1
0 15 15 15 16 2
1 0 11 11 1 1
1 0 11 11 1 2
1 0 11 11 2 1
1 0 11 11 2 2
1 0 11 11 3 1
1 0 11 11 3 2
1 0 11 11 4 1
1 0 11 12 15 1
1 0 11 12 15 2
1 0 12 12 15 2
1 0 15 11 11 8
1 0 15 11 12 8
1 0 15 11 15 8
1 0 15 11 15 9
1 0 15 12 15 8
1 0 15 12 16 8
1 1 10 11 2 1
1 1 10 11 3 1
1 1 11 10 2 1
1 1 11 11 1 1
1 1 11 11 1 2
1 1 11 11 2 1
1 1 11 11 2 2
1 1 11 11 3 1
1 1 11 11 3 2
1 1 11 11 4 1
1 1 11 11 4 2
1 1 11 11 15 2
1 1 11 12 15 0
1 1 11 12 15 1
1 1 11 12 15 2
1 1 12 12 15 2
1 1 15 11 11 8
1 1 15 11 12 8
1 1 15 11 15 8
1 1 15 11 15 9
1 1 15 11 16 8
1 1 15 12 15 8
1 1 15 12 16 8
1 2 10 11 2 1
1 2 10 12 2 1
1 2 10 12 3 1
1 2 11 11 2 1
1 2 11 11 2 2
1 2 11 11 3 0
1 2 11 11 3 1
1 2 11 11 3 2
1 2 11 11 4 0
1 2 11 11 4 1
1 2 11 11 4 2
1 2 11 11 15 2
1 2 11 12 4 2
1 2 11 12 15 0
1 2 11 12 15 1
1 2 11 12 15 2
1 2 12 11 4 2
1 2 12 11 15 3
1 2 12 12 15 1
1 2 12 12 15 2
1 2 12 12 15 3
1 2 15 10 12 8
1 2 15 11 11 8
1 2 15 11 12 8
1 2 15 11 13 8
1 2 15 11 15 8
1 2 15 11 16 8
1 2 15 12 12 8
1 2 15 12 13 8
1 2 15 12 15 8
1 2 15 12 16 8
1 3 11 11 3 0
1 3 11 11 3 1
1 3 11 11 3 2
1 3 11 11 4 0
1 3 11 11 4 1
1 3 11 11 4 2
1 3 11 11 15 2
1 3 11 12 3 2
1 3 11 12 4 2
1 3 11 12 15 0
1 3 11 12 15 1
1 3 11 12 15 2
1 3 12 11 4 2
1 3 12 11 15 3
1 3 12 12 15 1
1 3 12 12 15 2
1 3 12 12 15 3
1 3 15 11 11 8
1 3 15 11 12 8
1 3 15 11 15 8
1 3 15 11 16 8
1 3 15 12 12 8
1 3 15 12 13 8
1 3 15 12 15 7
1 3 15 12 15 8
1 3 15 12 16 8
1 4 11 11 4 1
1 4 11 11 15 2
1 4 11 12 15 1
1 4 11 12 15 2
1 4 12 11 15 2
1 4 12 12 15 0
1 4 12 12 15 1
1 4 12 12 15 2
1 4 15 11 11 8
1 4 15 11 12 8
1 4 15 11 15 7
1 4 15 11 16 8
1 4 15 12 11 8
1 4 15 12 12 8
1 4 15 12 15 7
1 4 15 12 16 8
1 4 16 11 15 9
1 11 15 15 13 9
1 11 15 15 15 7
1 11 15 15 15 8
1 11 15 15 16 3
1 12 15 15 12 9
1 12 15 15 13 9
1 12 15 15 15 7
1 12 15 15 15 8
1 12 15 15 16 0
1 12 15 15 16 1
1 12 15 15 16 2
1 12 15 15 16 3
1 13 15 15 16 1
1 15 15 15 15 1
1 15 15 15 15 2
1 15 15 15 16 0
1 15 15 15 16 1
1 15 15 15 16 2
2 0 11 11 1 2
2 0 11 11 2 1
2 0 11 11 2 2
2 0 11 12 1 2
2 0 11 12 2 2
2 0 11 12 3 1
2 0 11 12 3 2
2 0 11 12 4 2
2 0 11 12 15 1
2 0 11 12 15 2
2 0 12 11 2 2
2 0 12 11 3 2
2 0 15 11 11 8
2 0 15 11 12 8
2 0 15 11 15 8
2 0 15 12 11 8
2 0 15 12 12 8
2 0 15 12 15 8
2 0 15 12 16 8
2 1 10 12 15 0
2 1 10 12 15 1
2 1 11 11 1 1
2 1 11 11 1 2
2 1 11 11 2 1
2 1 11 11 2 2
2 1 11 11 3 1
2 1 11 11 4 1
2 1 11 12 1 2
2 1 11 12 2 1
2 1 11 12 2 2
2 1 11 12 3 1
2 1 11 12 3 2
2 1 11 12 4 1
2 1 11 12 4 2
2 1 11 12 15 1
2 1 11 12 15 2
2 1 12 11 2 2
2 1 12 11 3 1
2 1 12 11 3 2
2 1 12 11 4 1
2 1 15 11 11 8
2 1 15 11 12 8
2 1 15 11 15 8
2 1 15 12 11 8
2 1 15 12 12 8
2 1 15 12 15 8
2 1 15 12 16 8
2 2 10 12 15 0
2 2 10 12 15 1
2 2 11 11 2 0
2 2 11 11 2 1
2 2 11 11 2 2
2 2 11 11 3 0
2 2 11 11 3 1
2 2 11 11 4 1
2 2 11 12 2 1
2 2 11 12 2 2
2 2 11 12 3 1
2 2 11 12 3 2
2 2 11 12 4 1
2 2 11 12 4 2
2 2 11 12 5 1
2 2 11 12 15 1
2 2 11 12 15 2
2 2 11 13 15 1
2 2 12 11 3 1
2 2 12 11 3 2
2 2 12 11 4 1
2 2 12 11 4 2
2 2 12 12 2 3
2 2 12 12 3 3
2 2 12 12 15 2
2 2 15 11 11 8
2 2 15 11 12 8
2 2 15 11 15 8
2 2 15 12 11 8
2 2 15 12 12 8
2 2 15 12 15 8
2 2 15 12 16 8
2 2 15 13 12 8
2 3 11 11 3 0
2 3 11 11 3 1
2 3 11 11 4 0
2 3 11 11 4 1
2 3 11 12 3 1
2 3 11 12 3 2
2 3 11 12 4 0
2 3 11 12 4 1
2 3 11 12 4 2
2 3 11 12 5 1
2 3 11 12 15 0
2 3 11 12 15 1
2 3 11 12 15 2
2 3 12 11 4 1
2 3 12 11 4 2
2 3 12 12 4 2
2 3 12 12 15 2
2 3 12 12 15 3
2 3 15 11 11 8
2 3 15 11 12 7
2 3 15 11 12 8
2 3 15 11 15 8
2 3 15 12 10 8
2 3 15 12 11 8
2 3 15 12 12 8
2 3 15 12 15 8
2 3 15 12 16 8
2 4 11 11 15 2
2 4 11 12 4 1
2 4 11 12 15 0
2 4 11 12 15 1
2 4 11 12 15 2
2 4 12 12 4 2
2 4 12 12 15 1
2 4 12 12 15 2
2 4 15 11 11 7
2 4 15 11 11 8
2 4 15 11 12 7
2 4 15 11 12 8
2 4 15 11 16 8
2 4 15 12 11 8
2 4 15 12 12 8
2 4 15 12 15 7
2 4 15 12 16 8
2 4 16 11 15 9
2 4 16 12 15 9
2 5 12 12 15 1
2 5 15 11 11 7
2 5 15 11 12 7
2 5 15 12 12 7
2 5 16 11 15 9
2 5 16 12 15 9
2 10 15 15 12 9
2 10 15 15 15 7
2 11 15 15 11 9
2 11 15 15 12 9
2 11 15 15 15 7
2 11 15 15 15 8
2 11 15 15 16 2
2 11 15 15 16 3
2 12 15 15 12 8
2 12 15 15 12 9
2 12 15 15 15 7
2 12 15 15 15 8
2 12 15 15 16 0
2 12 15 15 16 1
2 12 15 15 16 2
2 12 15 15 16 3
2 12 16 15 15 8
2 15 15 15 15 1
2 15 15 15 16 0
2 15 15 15 16 1
2 15 15 15 16 2
3 2 11 13 15 1
3 2 12 12 2 1
3 2 12 12 2 2
3 2 12 12 3 1
3 2 12 12 3 2
3 2 12 12 3 3
3 2 12 12 4 1
3 2 12 13 3 3
3 2 12 13 4 3
3 2 15 12 11 8
3 2 15 12 12 8
3 2 15 13 11 8
3 2 15 13 12 8
3 3 11 12 15 2
3 3 12 12 3 1
3 3 12 12 3 2
3 3 12 12 3 3
3 3 12 12 4 1
3 3 12 12 4 2
3 3 15 12 11 7
3 3 15 12 11 8
3 3 15 12 12 7
3 3 15 12 12 8
3 4 12 12 4 2
3 4 15 12 11 7
3 4 15 12 11 8
3 4 15 12 12 7
3 4 15 12 12 8
3 4 15 12 16 8
3 4 16 12 15 9
3 11 15 15 11 8
3 11 15 15 11 9
3 11 15 15 12 8
3 11 15 15 12 9
3 11 15 15 16 2
3 11 16 15 15 8
3 12 15 15 12 9
3 12 15 15 16 1
3 12 15 15 16 2
3 12 16 15 15 7
3 12 16 15 15 8
5 0 11 15 12 1
5 0 11 15 12 2
5 0 11 15 15 1
5 0 11 15 16 2
5 0 12 15 11 2
5 0 12 15 12 2
5 0 15 15 1 8
5 0 15 15 2 8
5 0 15 15 3 8
5 0 15 15 11 8
5 0 15 15 11 9
5 0 15 15 12 8
5 0 15 15 12 9
5 0 15 15 15 8
5 1 10 15 15 1
5 1 10 15 16 0
5 1 10 15 16 1
5 1 11 15 12 0
5 1 11 15 12 1
5 1 11 15 12 2
5 1 11 15 15 0
5 1 11 15 15 1
5 1 11 15 15 2
5 1 11 15 16 2
5 1 12 15 11 2
5 1 12 15 12 1
5 1 12 15 12 2
5 1 12 15 15 1
5 1 12 15 15 2
5 1 15 15 1 8
5 1 15 15 2 8
5 1 15 15 3 8
5 1 15 15 4 8
5 1 15 15 10 8
5 1 15 15 11 8
5 1 15 15 11 9
5 1 15 15 12 8
5 1 15 15 15 8
5 2 10 15 15 1
5 2 10 15 16 0
5 2 10 15 16 1
5 2 11 15 12 0
5 2 11 15 12 1
5 2 11 15 12 2
5 2 11 15 13 1
5 2 11 15 15 0
5 2 11 15 15 1
5 2 11 15 15 2
5 2 11 15 16 1
5 2 11 15 16 2
5 2 12 15 11 2
5 2 12 15 11 3
5 2 12 15 12 0
5 2 12 15 12 1
5 2 12 15 12 2
5 2 12 15 12 3
5 2 12 15 15 1
5 2 12 15 15 2
5 2 12 15 16 3
5 2 15 15 2 8
5 2 15 15 3 8
5 2 15 15 4 8
5 2 15 15 10 8
5 2 15 15 11 8
5 2 15 15 12 8
5 2 15 15 15 8
5 3 11 15 12 0
5 3 11 15 12 1
5 3 11 15 12 2
5 3 11 15 13 1
5 3 11 15 15 0
5 3 11 15 15 1
5 3 11 15 15 2
5 3 11 15 16 0
5 3 11 15 16 1
5 3 11 15 16 2
5 3 12 15 11 2
5 3 12 15 11 3
5 3 12 15 12 0
5 3 12 15 12 1
5 3 12 15 12 2
5 3 12 15 12 3
5 3 12 15 13 1
5 3 12 15 15 0
5 3 12 15 15 1
5 3 12 15 15 2
5 3 12 15 16 2
5 3 12 15 16 3
5 3 13 15 11 3
5 3 13 15 12 3
5 3 15 15 3 8
5 3 15 15 4 8
5 3 15 15 11 8
5 3 15 15 12 8
5 3 15 15 15 8
5 4 11 15 12 0
5 4 11 15 12 1
5 4 11 15 12 2
5 4 11 15 15 1
5 4 11 15 15 2
5 4 11 15 16 0
5 4 11 15 16 1
5 4 11 15 16 2
5 4 12 15 11 2
5 4 12 15 12 0
5 4 12 15 12 1
5 4 12 15 12 2
5 4 12 15 15 1
5 4 12 15 15 2
5 4 12 15 16 1
5 4 12 15 16 2
5 4 13 15 11 3
5 4 15 15 4 8
5 4 15 15 15 7
5 4 15 15 15 8
5 4 16 15 11 9
5 4 16 15 12 9
5 5 12 15 12 1
5 5 12 15 15 1
5 5 12 15 16 1
5 5 15 15 15 7
5 5 16 15 11 9
5 5 16 15 12 9
5 10 11 16 12 7
5 10 12 16 11 7
5 10 12 16 12 7
5 10 12 16 12 8
5 10 15 15 11 7
5 11 11 12 16 7
5 11 11 12 16 8
5 11 11 13 16 7
5 11 11 15 15 7
5 11 11 15 15 8
5 11 12 12 15 7
5 11 12 12 16 7
5 11 12 12 16 8
5 11 12 15 11 7
5 11 12 15 12 7
5 11 12 15 12 8
5 11 12 15 15 7
5 11 12 15 15 8
5 11 12 16 11 7
5 11 12 16 11 8
5 11 12 16 12 7
5 11 12 16 12 8
5 11 12 16 13 7
5 11 13 16 12 8
5 11 15 12 12 7
5 11 15 12 15 8
5 11 15 12 15 9
5 11 15 13 15 9
5 11 15 15 11 7
5 11 15 15 11 8
5 11 15 15 11 9
5 11 15 15 12 7
5 11 15 15 12 9
5 11 15 15 15 2
5 11 15 16 11 8
5 11 15 16 12 7
5 11 15 16 12 8
5 11 16 12 12 7
5 11 16 12 12 8
5 11 16 12 13 8
5 11 16 13 12 8
5 11 16 15 12 8
5 12 12 12 15 7
5 12 12 12 15 8
5 12 12 12 16 7
5 12 12 12 16 8
5 12 15 12 15 8
5 12 15 12 15 9
5 12 15 13 15 9
5 12 15 15 15 0
5 12 15 15 15 1
5 12 15 15 15 2
5 12 15 16 12 7
5 12 15 16 12 8
5 12 15 16 15 3
5 13 15 16 15 1
6 4 12 16 15 0
6 4 12 16 15 1
6 4 12 16 15 2
6 4 13 16 15 3
6 4 15 16 11 7
6 4 15 16 12 7
6 4 16 16 4 9
6 5 12 16 15 1
6 5 15 16 11 7
6 5 15 16 12 7
6 11 15 15 11 2
6 11 15 15 11 3
6 11 15 15 12 2
6 11 15 15 12 3
6 12 15 15 12 0
6 12 15 15 12 1
6 12 15 15 12 2
6 12 15 15 13 1
564
Descriptors of type 4
348
0 1 7 7 1 9
0 1 7 7 2 8
0 1 7 7 2 9
0 1 7 7 8 1
0 1 7 7 8 2
0 1 7 7 9 1
0 1 7 7 9 2
0 2 7 7 2 8
0 2 7 7 2 9
0 2 7 7 8 1
0 2 7 7 8 2
0 2 7 7 9 1
0 2 7 7 9 2
0 2 7 8 9 1
0 7 8 8 7 1
0 7 8 8 7 2
0 7 8 8 8 1
0 7 8 8 8 2
0 7 8 9 8 2
0 8 8 8 9 1
1 1 7 7 1 8
1 1 7 7 1 9
1 1 7 7 2 8
1 1 7 7 2 9
1 1 8 8 8 8
1 2 7 7 2 8
1 2 7 7 2 9
1 2 7 7 8 1
1 2 7 7 8 2
1 2 7 7 9 1
1 2 7 7 9 2
1 2 7 8 2 9
1 2 7 8 3 9
1 2 7 8 9 1
1 2 7 8 9 2
1 2 8 8 7 8
1 2 8 8 8 7
1 2 8 8 8 8
1 3 8 8 8 7
1 7 8 8 7 1
1 7 8 8 7 2
1 7 8 8 8 1
1 7 8 8 8 2
1 7 8 9 8 1
1 7 8 9 8 2
1 8 8 8 9 1
1 8 8 8 9 2
2 2 7 7 2 8
2 2 7 7 2 9
2 2 7 8 2 9
2 2 8 8 7 8
2 2 8 8 8 8
2 7 8 8 7 2
2 7 8 8 8 2
2 7 8 9 8 2
2 8 8 8 9 2
2 8 9 9 8 2
57
CPU time: 76.3 seconds
