Number of training configurations = 627983
Number of atoms in configuration = 12
Number of atom types = 2
Atom types:
H
C
Number of atom type pairs = 3
Number of atom type triplets = 4
Number of atom type quadruplets = 5
Atom type pairs, minimum and maximum distances, max-min and number of grid points:
H H 2.1033924978472416 5.277618365323514 3.17423 7
H C 0.97125364349380605 4.1271183651550345 3.15586 17
C C 1.2849957198372377 2.9899622071190048 1.70497 10
Read 15 grid points for triplets of type 0
Read 92 grid points for triplets of type 1
Read 81 grid points for triplets of type 2
Read 31 grid points for triplets of type 3
Read 22 grid points for quadruplets of type 0
Read 343 grid points for quadruplets of type 1
Read 232 grid points for quadruplets of type 2
Read 564 grid points for quadruplets of type 3
Read 57 grid points for quadruplets of type 4
Read 6 grid points for pairs of type 0
Read 12 grid points for pairs of type 1
Read 7 grid points for pairs of type 2
Using 3,6 reciprocal power kernel for 2B terms
Using 3,3 reciprocal power kernel for 3B terms
Using 3,3 reciprocal power kernel for 4B terms
Number of descriptors: 1462
Number of 2B descriptors: 25
   type 0: 6
   type 1: 12
   type 2: 7
Number of 3B descriptors: 219
   type 0: 15
   type 1: 92
   type 2: 81
   type 3: 31
Number of 4B descriptors: 1218
   type 0: 22
   type 1: 343
   type 2: 232
   type 3: 564
   type 4: 57
max_case_count: 110000
#####   Starting build_regression   #####
Number of rows: 627983
Number of basis functions: 25
Total number of basis functions: 745
Starting submatrix: 0
Number of submatrices: 3
Training set size increment: 100
Number of steps: 100
Step rmse(train) mae(train) rank:
0 2.55214 1.93234 25
1 10.6231 8.87881 25
2 14.0492 11.1993 25
3 15.8721 12.059 25
4 17.0503 12.788 25
5 18.2498 13.7239 25
6 19.3034 14.1562 25
7 19.6537 14.5304 25
8 19.7371 14.7227 25
9 19.7482 14.8263 25
10 22.7382 17.7587 25
11 22.9367 18.0487 25
12 23.6065 18.4857 25
13 23.6633 18.5777 25
14 23.8118 18.7293 25
15 23.9707 18.9005 25
16 24.4659 19.2616 25
17 25.2416 19.83 25
18 25.4729 20.0916 25
19 25.5889 20.1835 25
20 25.7192 20.2667 25
21 25.9011 20.4289 25
22 26.1496 20.6113 25
23 26.3318 20.7308 25
24 26.4611 20.8229 25
25 26.6192 20.9961 25
26 26.707 21.0727 25
27 26.7606 21.1263 25
28 26.8036 21.1538 25
29 27.0794 21.3678 25
30 27.1093 21.3942 25
31 27.1026 21.3796 25
32 27.1083 21.3831 25
33 27.0842 21.3608 25
34 26.9997 21.2876 25
35 26.9808 21.2917 25
36 27.0247 21.3474 25
37 26.9075 21.262 25
38 26.8801 21.2341 25
39 26.8493 21.213 25
40 26.8788 21.2367 25
41 26.9332 21.2643 25
42 26.9382 21.2773 25
43 26.8924 21.2356 25
44 26.8049 21.1585 25
45 26.8846 21.1928 25
46 26.8932 21.1451 25
47 26.8297 21.0678 25
48 26.8652 21.0978 25
49 26.8661 21.1084 25
50 26.8559 21.0811 25
51 26.8651 21.0698 25
52 26.8323 21.0388 25
53 26.8561 21.0496 25
54 26.8752 21.0509 25
55 26.8528 21.0108 25
56 26.852 21.0124 25
57 26.8995 21.0171 25
58 26.892 21.019 25
59 26.9207 21.0363 25
60 26.9055 21.0329 25
61 26.8464 20.9762 25
62 26.8004 20.9385 25
63 26.7466 20.8942 25
64 26.6922 20.8621 25
65 26.6341 20.8086 25
66 26.6062 20.7923 25
67 26.6027 20.8031 25
68 26.5993 20.8128 25
69 26.5824 20.789 25
70 26.5761 20.7793 25
71 26.5927 20.7973 25
72 26.5538 20.7537 25
73 26.5155 20.73 25
74 26.5121 20.7021 25
75 26.4772 20.6748 25
76 26.4325 20.6412 25
77 26.3957 20.61 25
78 26.3841 20.6029 25
79 26.3808 20.6149 25
80 26.4196 20.6481 25
81 26.4015 20.6405 25
82 26.4069 20.6416 25
83 26.3585 20.6037 25
84 26.3605 20.6065 25
85 26.3201 20.5803 25
86 26.3301 20.5829 25
87 26.33 20.5681 25
88 26.318 20.5527 25
89 26.2737 20.5096 25
90 26.224 20.4625 25
91 26.2104 20.455 25
92 26.1995 20.4392 25
93 26.1538 20.4016 25
94 26.1276 20.3748 25
95 26.076 20.3304 25
96 26.0614 20.3175 25
97 26.0181 20.2827 25
98 25.9919 20.2606 25
99 25.9486 20.2312 25
Best iteration: 30
rmse(train): 27.1093
mae(train): 21.3942
rmse(test): 23.0842
mae(test): 17.8038
rmse(total): 23.1055
mae(total): 17.8213
Number of selected cases: 3057
#####   Finished build_regression   #####
#####   Starting build_regression   #####
Number of rows: 627983
Number of basis functions: 204
Total number of basis functions: 745
Starting submatrix: 3
Number of submatrices: 4
Training set size increment: 100
Number of steps: 500
Step rmse(train) mae(train) rank:
0 2.56047 2.00805 204
1 2.57417 2.02555 204
2 2.58521 2.038 204
3 2.61214 2.06649 204
4 2.62663 2.07537 204
5 2.63255 2.07908 204
6 2.67253 2.10294 204
7 2.67475 2.10478 204
8 2.69313 2.114 204
9 2.69791 2.11776 204
10 2.70256 2.1204 204
11 2.70478 2.12359 204
12 2.7098 2.13187 204
13 2.716 2.13683 204
14 2.72094 2.14477 204
15 2.72865 2.15031 204
16 2.73052 2.15399 204
17 2.73087 2.15332 204
18 2.74407 2.16282 204
19 2.75586 2.17428 204
20 2.75652 2.17759 204
21 2.76252 2.17948 204
22 2.78081 2.19061 204
23 2.78218 2.19227 204
24 2.78471 2.19537 204
25 2.7872 2.19616 204
26 2.7931 2.20168 204
27 2.80792 2.21571 204
28 2.82835 2.22731 204
29 2.84667 2.24147 204
30 2.84998 2.24785 204
31 2.85209 2.24607 204
32 2.85737 2.24814 204
33 2.86162 2.25282 204
34 2.86775 2.25901 204
35 2.87531 2.26255 204
36 2.88292 2.26859 204
37 2.88634 2.26893 204
38 2.88798 2.2687 204
39 2.89344 2.27143 204
40 2.90408 2.27751 204
41 2.90902 2.2822 204
42 2.91272 2.28467 204
43 2.91954 2.28815 204
44 2.93323 2.30142 204
45 2.93517 2.30212 204
46 2.94159 2.30492 204
47 2.94552 2.30702 204
48 2.94695 2.30736 204
49 2.94774 2.30796 204
50 2.94908 2.30887 204
51 2.9515 2.3104 204
52 2.95096 2.31109 204
53 2.95166 2.31098 204
54 2.95554 2.31382 204
55 2.97165 2.32011 204
56 2.99416 2.33321 204
57 3.00483 2.34256 204
58 3.00522 2.34187 204
59 3.00605 2.34295 204
60 3.00595 2.34191 204
61 3.01123 2.34466 204
62 3.01155 2.34519 204
63 3.02076 2.35285 204
64 3.0246 2.35592 204
65 3.07193 2.37262 204
66 3.10958 2.39216 204
67 3.13909 2.407 204
68 3.1582 2.41791 204
69 3.15851 2.41888 204
70 3.16235 2.42149 204
71 3.17491 2.43106 204
72 3.1791 2.43453 204
73 3.18783 2.44086 204
74 3.19905 2.45039 204
75 3.21899 2.46528 204
76 3.23594 2.47642 204
77 3.23924 2.47859 204
78 3.24243 2.48085 204
79 3.25107 2.48807 204
80 3.26295 2.49995 204
81 3.27415 2.50804 204
82 3.27597 2.51118 204
83 3.27626 2.51211 204
84 3.27994 2.51715 204
85 3.28018 2.51611 204
86 3.28041 2.51506 204
87 3.28095 2.5173 204
88 3.29217 2.52584 204
89 3.29251 2.52662 204
90 3.29251 2.52659 204
91 3.30007 2.5326 204
92 3.30106 2.53406 204
93 3.30571 2.53925 204
94 3.30886 2.54168 204
95 3.32009 2.54987 204
96 3.32078 2.55067 204
97 3.32608 2.55684 204
98 3.32605 2.55741 204
99 3.32786 2.55941 204
100 3.33245 2.56294 204
101 3.33196 2.56229 204
102 3.33504 2.56502 204
103 3.33328 2.56385 204
104 3.33759 2.56842 204
105 3.34674 2.5754 204
106 3.36511 2.58945 204
107 3.36922 2.59173 204
108 3.37441 2.59667 204
109 3.37919 2.60033 204
110 3.38016 2.6028 204
111 3.37926 2.60328 204
112 3.37754 2.60126 204
113 3.38783 2.60832 204
114 3.3894 2.60802 204
115 3.38875 2.60756 204
116 3.38918 2.60941 204
117 3.38985 2.6106 204
118 3.38856 2.61034 204
119 3.39393 2.61428 204
120 3.39569 2.61626 204
121 3.39615 2.6177 204
122 3.39725 2.61834 204
123 3.39653 2.61803 204
124 3.39785 2.61832 204
125 3.39614 2.61755 204
126 3.39443 2.61642 204
127 3.39503 2.61786 204
128 3.3965 2.61946 204
129 3.3977 2.62225 204
130 3.39724 2.62175 204
131 3.40025 2.62433 204
132 3.39997 2.62483 204
133 3.40015 2.62493 204
134 3.40064 2.62644 204
135 3.40495 2.63095 204
136 3.40332 2.62911 204
137 3.40249 2.62811 204
138 3.40244 2.6285 204
139 3.40241 2.62879 204
140 3.40545 2.63101 204
141 3.41121 2.63441 204
142 3.41197 2.63545 204
143 3.41468 2.63848 204
144 3.41796 2.64156 204
145 3.42378 2.64595 204
146 3.42366 2.64619 204
147 3.42664 2.6487 204
148 3.42788 2.64822 204
149 3.43047 2.65085 204
150 3.43048 2.65153 204
151 3.42899 2.65033 204
152 3.42733 2.6481 204
153 3.42831 2.6488 204
154 3.42767 2.64843 204
155 3.42594 2.6473 204
156 3.42441 2.64607 204
157 3.42633 2.64774 204
158 3.42824 2.64938 204
159 3.42922 2.64973 204
160 3.43576 2.65559 204
161 3.44079 2.65924 204
162 3.44159 2.6582 204
163 3.44476 2.66079 204
164 3.4476 2.66277 204
165 3.44755 2.66144 204
166 3.44825 2.6618 204
167 3.44722 2.6606 204
168 3.44756 2.65886 204
169 3.45086 2.66057 204
170 3.45192 2.66064 204
171 3.4533 2.66097 204
172 3.45941 2.66519 204
173 3.4634 2.6668 204
174 3.46757 2.66885 204
175 3.47264 2.67215 204
176 3.47386 2.67397 204
177 3.4751 2.67468 204
178 3.47377 2.67411 204
179 3.47495 2.67445 204
180 3.47676 2.67577 204
181 3.47656 2.67559 204
182 3.47734 2.67599 204
183 3.47748 2.67641 204
184 3.47919 2.6768 204
185 3.47942 2.67601 204
186 3.48274 2.67995 204
187 3.48435 2.68132 204
188 3.48468 2.68176 204
189 3.48775 2.68294 204
190 3.48783 2.68219 204
191 3.48829 2.68374 204
192 3.48945 2.68448 204
193 3.49151 2.68646 204
194 3.49395 2.68716 204
195 3.49345 2.68724 204
196 3.4977 2.69179 204
197 3.4968 2.69043 204
198 3.49738 2.69035 204
199 3.49872 2.69124 204
200 3.49744 2.69072 204
201 3.49626 2.69 204
202 3.49619 2.68973 204
203 3.49899 2.69221 204
204 3.5015 2.69224 204
205 3.50063 2.69227 204
206 3.50196 2.69384 204
207 3.50334 2.69556 204
208 3.50749 2.69794 204
209 3.50623 2.69684 204
210 3.50856 2.69904 204
211 3.509 2.69948 204
212 3.5094 2.69992 204
213 3.50921 2.69997 204
214 3.50827 2.69923 204
215 3.50837 2.69964 204
216 3.50779 2.69959 204
217 3.50724 2.69955 204
218 3.50703 2.69947 204
219 3.50742 2.69957 204
220 3.50903 2.70122 204
221 3.50773 2.69985 204
222 3.50669 2.69954 204
223 3.50538 2.69872 204
224 3.50366 2.69778 204
225 3.50388 2.69801 204
226 3.5021 2.69676 204
227 3.50128 2.69592 204
228 3.49987 2.69463 204
229 3.49994 2.6951 204
230 3.4996 2.69465 204
231 3.49883 2.69399 204
232 3.49722 2.69327 204
233 3.49628 2.69204 204
234 3.49597 2.69194 204
235 3.49504 2.69141 204
236 3.49501 2.69138 204
237 3.49308 2.68991 204
238 3.49246 2.68969 204
239 3.4919 2.68967 204
240 3.49028 2.68852 204
241 3.49123 2.68911 204
242 3.4893 2.6876 204
243 3.49212 2.68971 204
244 3.49236 2.68953 204
245 3.49216 2.68871 204
246 3.49316 2.68905 204
247 3.49361 2.68814 204
248 3.49668 2.69143 204
249 3.49826 2.69265 204
250 3.50105 2.69445 204
251 3.5012 2.6947 204
252 3.50105 2.69424 204
253 3.49974 2.69266 204
254 3.49806 2.69146 204
255 3.49775 2.69149 204
256 3.49633 2.69055 204
257 3.49452 2.6884 204
258 3.49463 2.68764 204
259 3.49737 2.68937 204
260 3.49992 2.69087 204
261 3.50074 2.69074 204
262 3.50353 2.69308 204
263 3.50168 2.69109 204
264 3.50384 2.69311 204
265 3.5019 2.6916 204
266 3.50102 2.69057 204
267 3.49978 2.68951 204
268 3.4986 2.68857 204
269 3.49718 2.68755 204
270 3.49749 2.68708 204
271 3.49581 2.6855 204
272 3.49468 2.68472 204
273 3.49438 2.68459 204
274 3.49319 2.68352 204
275 3.49132 2.68197 204
276 3.49059 2.6816 204
277 3.49114 2.68209 204
278 3.48998 2.68125 204
279 3.4885 2.67976 204
280 3.48778 2.67972 204
281 3.48831 2.68029 204
282 3.48682 2.67935 204
283 3.4854 2.6783 204
284 3.48506 2.67755 204
285 3.48332 2.67697 204
286 3.4849 2.67841 204
287 3.48314 2.67682 204
288 3.48232 2.67607 204
289 3.48229 2.67626 204
290 3.48108 2.67538 204
291 3.48005 2.67416 204
292 3.47819 2.67222 204
293 3.47772 2.67215 204
294 3.47586 2.6704 204
295 3.47516 2.66982 204
296 3.47436 2.66915 204
297 3.47247 2.66729 204
298 3.4708 2.66557 204
299 3.47011 2.66521 204
300 3.47018 2.66492 204
301 3.46968 2.66449 204
302 3.46877 2.66406 204
303 3.46757 2.66301 204
304 3.46687 2.66284 204
305 3.46499 2.66163 204
306 3.4641 2.66122 204
307 3.46467 2.66109 204
308 3.46571 2.6619 204
309 3.46559 2.662 204
310 3.46664 2.66207 204
311 3.46751 2.66263 204
312 3.46809 2.66303 204
313 3.46784 2.66278 204
314 3.46702 2.66203 204
315 3.46533 2.66086 204
316 3.46446 2.66049 204
317 3.46292 2.65966 204
318 3.46175 2.65884 204
319 3.46051 2.65822 204
320 3.45889 2.65715 204
321 3.45757 2.65612 204
322 3.45783 2.65685 204
323 3.45626 2.65573 204
324 3.45644 2.65603 204
325 3.4564 2.65665 204
326 3.45572 2.65616 204
327 3.45401 2.65479 204
328 3.45597 2.65608 204
329 3.45796 2.65716 204
330 3.4573 2.6567 204
331 3.45691 2.65703 204
332 3.46099 2.66 204
333 3.45987 2.65895 204
334 3.45892 2.65794 204
335 3.45927 2.65868 204
336 3.45776 2.65778 204
337 3.45586 2.65598 204
338 3.45469 2.65515 204
339 3.45322 2.65391 204
340 3.45275 2.65361 204
341 3.45186 2.6528 204
342 3.45054 2.65163 204
343 3.45006 2.65108 204
344 3.44874 2.65003 204
345 3.44705 2.6482 204
346 3.44615 2.64727 204
347 3.44508 2.64615 204
348 3.44464 2.64533 204
349 3.44284 2.64368 204
350 3.44095 2.64156 204
351 3.43907 2.63958 204
352 3.43942 2.63983 204
353 3.43799 2.63858 204
354 3.43741 2.6377 204
355 3.43588 2.6363 204
356 3.43483 2.63533 204
357 3.43551 2.6356 204
358 3.43519 2.63531 204
359 3.43598 2.63537 204
360 3.43462 2.63397 204
361 3.43314 2.63254 204
362 3.43266 2.63196 204
363 3.43201 2.63147 204
364 3.43248 2.63168 204
365 3.43195 2.63124 204
366 3.43218 2.63132 204
367 3.43174 2.63097 204
368 3.43216 2.63087 204
369 3.43198 2.6307 204
370 3.431 2.62988 204
371 3.43144 2.6298 204
372 3.4312 2.62946 204
373 3.43091 2.62888 204
374 3.43108 2.62904 204
375 3.42984 2.62818 204
376 3.42997 2.62807 204
377 3.42987 2.62776 204
378 3.43062 2.62796 204
379 3.42986 2.62738 204
380 3.42964 2.62699 204
381 3.42875 2.62592 204
382 3.42826 2.62498 204
383 3.42909 2.62529 204
384 3.4291 2.62522 204
385 3.42828 2.62445 204
386 3.42862 2.62475 204
387 3.4298 2.6252 204
388 3.42919 2.62483 204
389 3.43015 2.62502 204
390 3.42947 2.6244 204
391 3.4295 2.62411 204
392 3.4288 2.62345 204
393 3.4277 2.62249 204
394 3.42816 2.62297 204
395 3.427 2.62218 204
396 3.42593 2.6214 204
397 3.42503 2.62088 204
398 3.42373 2.61997 204
399 3.42226 2.61841 204
400 3.42164 2.61796 204
401 3.4202 2.61672 204
402 3.42004 2.6166 204
403 3.41995 2.61626 204
404 3.4187 2.61541 204
405 3.41897 2.61519 204
406 3.41995 2.61617 204
407 3.42019 2.61564 204
408 3.41867 2.61455 204
409 3.41808 2.61398 204
410 3.41678 2.61277 204
411 3.41647 2.6124 204
412 3.41607 2.61212 204
413 3.41631 2.61214 204
414 3.41571 2.61154 204
415 3.41505 2.61097 204
416 3.41409 2.60968 204
417 3.4152 2.61049 204
418 3.41381 2.60934 204
419 3.41252 2.60795 204
420 3.41156 2.60685 204
421 3.41086 2.60615 204
422 3.41001 2.60537 204
423 3.41002 2.60493 204
424 3.40999 2.60458 204
425 3.41032 2.60482 204
426 3.41074 2.60457 204
427 3.40954 2.6034 204
428 3.40875 2.60212 204
429 3.40809 2.6014 204
430 3.40669 2.60006 204
431 3.40661 2.5999 204
432 3.40569 2.59879 204
433 3.40472 2.59815 204
434 3.40324 2.59685 204
435 3.40286 2.59601 204
436 3.40202 2.59561 204
437 3.40209 2.59621 204
438 3.40083 2.59515 204
439 3.3999 2.59443 204
440 3.39906 2.59388 204
441 3.39888 2.59411 204
442 3.39814 2.59369 204
443 3.39836 2.59431 204
444 3.39809 2.59363 204
445 3.39825 2.59334 204
446 3.3976 2.59339 204
447 3.39684 2.59302 204
448 3.39696 2.59344 204
449 3.39673 2.59365 204
450 3.39738 2.59396 204
451 3.39661 2.59301 204
452 3.39815 2.59324 204
453 3.39817 2.59309 204
454 3.39871 2.59384 204
455 3.39922 2.59362 204
456 3.39852 2.59329 204
457 3.40029 2.59454 204
458 3.4012 2.59517 204
459 3.40017 2.59418 204
460 3.39913 2.59328 204
461 3.39907 2.59277 204
462 3.39921 2.59291 204
463 3.39803 2.5923 204
464 3.39816 2.59224 204
465 3.39881 2.59209 204
466 3.39903 2.59188 204
467 3.39803 2.59099 204
468 3.39784 2.59112 204
469 3.39706 2.59046 204
470 3.39694 2.59037 204
471 3.39734 2.59076 204
472 3.39765 2.59081 204
473 3.39639 2.58967 204
474 3.39583 2.58925 204
475 3.39605 2.58951 204
476 3.39552 2.58921 204
477 3.39534 2.5891 204
478 3.39542 2.58943 204
479 3.3979 2.59114 204
480 3.39793 2.5908 204
481 3.4008 2.59321 204
482 3.40103 2.5932 204
483 3.40164 2.59343 204
484 3.402 2.59341 204
485 3.40227 2.5936 204
486 3.40185 2.59347 204
487 3.40186 2.59372 204
488 3.40235 2.59426 204
489 3.40178 2.59373 204
490 3.40092 2.59311 204
491 3.40154 2.59404 204
492 3.40232 2.59514 204
493 3.40244 2.59539 204
494 3.40264 2.59551 204
495 3.40218 2.59517 204
496 3.40254 2.59536 204
497 3.40285 2.59592 204
498 3.40334 2.59615 204
499 3.40369 2.59647 204
Best iteration: 212
rmse(train): 3.5094
mae(train): 2.69992
rmse(test): 2.57003
mae(test): 1.95216
rmse(total): 2.59788
mae(total): 1.971
Number of selected cases: 15827
#####   Finished build_regression   #####
#####   Starting build_regression   #####
Number of rows: 627983
Number of basis functions: 745
Total number of basis functions: 745
Starting submatrix: 7
Number of submatrices: 5
Training set size increment: 100
Number of steps: 500
Step rmse(train) mae(train) rank:
0 1.76093 1.33957 745
1 1.76137 1.33992 745
2 1.76143 1.34 745
3 1.76192 1.34028 745
4 1.76192 1.34029 745
5 1.76191 1.34031 745
6 1.762 1.34048 745
7 1.76195 1.34042 745
8 1.76234 1.3408 745
9 1.76224 1.3407 745
10 1.76214 1.34061 745
11 1.76211 1.34062 745
12 1.762 1.3405 745
13 1.76196 1.34048 745
14 1.76207 1.34066 745
15 1.76202 1.34058 745
16 1.76191 1.34042 745
17 1.7618 1.34027 745
18 1.76169 1.34012 745
19 1.76164 1.34006 745
20 1.76159 1.33998 745
21 1.76152 1.33996 745
22 1.76141 1.33981 745
23 1.76161 1.34002 745
24 1.76155 1.33995 745
25 1.76147 1.3399 745
26 1.76148 1.34001 745
27 1.76143 1.33994 745
28 1.76136 1.33991 745
29 1.76153 1.34007 745
30 1.7616 1.34027 745
31 1.76151 1.34017 745
32 1.76154 1.34016 745
33 1.76138 1.33996 745
34 1.76138 1.33998 745
35 1.76151 1.33999 745
36 1.76145 1.33991 745
37 1.76132 1.33978 745
38 1.76115 1.33926 745
39 1.76105 1.3391 745
40 1.76111 1.33919 745
41 1.76094 1.339 745
42 1.76164 1.33947 745
43 1.76151 1.33932 745
44 1.76146 1.33929 745
45 1.76178 1.33962 745
46 1.76175 1.33959 745
47 1.76185 1.33975 745
48 1.76179 1.33973 745
49 1.7617 1.33964 745
50 1.76172 1.33969 745
51 1.76155 1.33948 745
52 1.76136 1.33927 745
53 1.76131 1.33919 745
54 1.76167 1.33945 745
55 1.76165 1.33934 745
56 1.76232 1.33985 745
57 1.76241 1.33978 745
58 1.7629 1.34035 745
59 1.7631 1.34042 745
60 1.76289 1.34015 745
61 1.76267 1.34003 745
62 1.76352 1.34022 745
63 1.76342 1.34009 745
64 1.76325 1.33988 745
65 1.76319 1.33985 745
66 1.76304 1.33985 745
67 1.763 1.33973 745
68 1.7642 1.34068 745
69 1.76438 1.34094 745
70 1.76459 1.34082 745
71 1.76485 1.3411 745
72 1.76482 1.34095 745
73 1.76515 1.34132 745
74 1.76557 1.34142 745
75 1.76534 1.34124 745
76 1.76521 1.34113 745
77 1.76508 1.34098 745
78 1.76487 1.3409 745
79 1.76468 1.3408 745
80 1.7646 1.3408 745
81 1.76435 1.34046 745
82 1.76415 1.34026 745
83 1.76383 1.33987 745
84 1.76396 1.34003 745
85 1.76371 1.33979 745
86 1.76427 1.33996 745
87 1.76395 1.33981 745
88 1.76435 1.34011 745
89 1.765 1.34041 745
90 1.7648 1.34033 745
91 1.76445 1.33989 745
92 1.76475 1.34036 745
93 1.76451 1.34029 745
94 1.76414 1.33988 745
95 1.7647 1.34016 745
96 1.76476 1.34033 745
97 1.76466 1.34023 745
98 1.76457 1.34021 745
99 1.76435 1.34001 745
100 1.76401 1.33965 745
101 1.76388 1.33951 745
102 1.764 1.33961 745
103 1.76376 1.33936 745
104 1.76412 1.33966 745
105 1.76398 1.33959 745
106 1.76359 1.33923 745
107 1.76352 1.33923 745
108 1.76415 1.33985 745
109 1.76536 1.34064 745
110 1.76642 1.34152 745
111 1.76647 1.3415 745
112 1.76741 1.34219 745
113 1.76733 1.3423 745
114 1.76812 1.34287 745
115 1.76877 1.34312 745
116 1.76909 1.34378 745
117 1.76868 1.34344 745
118 1.76865 1.34338 745
119 1.76876 1.34349 745
120 1.76952 1.34403 745
121 1.76957 1.34415 745
122 1.76962 1.34415 745
123 1.7693 1.34428 745
124 1.76977 1.3448 745
125 1.76943 1.34432 745
126 1.76974 1.34482 745
127 1.76963 1.34475 745
128 1.77044 1.34508 745
129 1.77018 1.34489 745
130 1.77065 1.34535 745
131 1.77057 1.34525 745
132 1.77057 1.34543 745
133 1.77045 1.34539 745
134 1.77058 1.34541 745
135 1.77052 1.34507 745
136 1.77073 1.34533 745
137 1.77068 1.34534 745
138 1.77026 1.34514 745
139 1.77209 1.34613 745
140 1.77223 1.34626 745
141 1.77255 1.34649 745
142 1.77204 1.34593 745
143 1.77152 1.34542 745
144 1.77119 1.34514 745
145 1.77077 1.34479 745
146 1.77023 1.3443 745
147 1.77095 1.34493 745
148 1.77093 1.34513 745
149 1.77171 1.34591 745
150 1.77167 1.34584 745
151 1.77173 1.34601 745
152 1.77209 1.34633 745
153 1.77182 1.34603 745
154 1.77181 1.3463 745
155 1.7718 1.34647 745
156 1.77262 1.34713 745
157 1.77244 1.34722 745
158 1.77257 1.34736 745
159 1.77392 1.34838 745
160 1.77385 1.34844 745
161 1.77539 1.3493 745
162 1.77593 1.34944 745
163 1.77652 1.34999 745
164 1.77658 1.35013 745
165 1.77624 1.34979 745
166 1.7775 1.35053 745
167 1.7774 1.35034 745
168 1.77719 1.34995 745
169 1.7773 1.35033 745
170 1.77665 1.34972 745
171 1.77662 1.3498 745
172 1.77652 1.34966 745
173 1.77611 1.34957 745
174 1.77597 1.34962 745
175 1.77655 1.35057 745
176 1.77638 1.3504 745
177 1.77634 1.35049 745
178 1.77598 1.35008 745
179 1.77533 1.3494 745
180 1.77546 1.34923 745
181 1.77599 1.34998 745
182 1.77599 1.34989 745
183 1.77621 1.34999 745
184 1.77614 1.34978 745
185 1.77631 1.34982 745
186 1.7765 1.34969 745
187 1.77648 1.34976 745
188 1.77711 1.3501 745
189 1.77725 1.35047 745
190 1.77761 1.35062 745
191 1.77853 1.35146 745
192 1.77899 1.3519 745
193 1.77845 1.35142 745
194 1.77842 1.35143 745
195 1.77887 1.35195 745
196 1.77903 1.35187 745
197 1.77905 1.35173 745
198 1.77957 1.35211 745
199 1.78076 1.35315 745
200 1.78008 1.35256 745
201 1.77978 1.35232 745
202 1.77916 1.35178 745
203 1.77957 1.35197 745
204 1.77936 1.35174 745
205 1.77914 1.35176 745
206 1.7793 1.35179 745
207 1.77941 1.35197 745
208 1.77902 1.35171 745
209 1.77884 1.35162 745
210 1.77937 1.35175 745
211 1.77972 1.35191 745
212 1.77938 1.35161 745
213 1.77933 1.35173 745
214 1.7789 1.35129 745
215 1.77843 1.35095 745
216 1.77831 1.35079 745
217 1.77839 1.35101 745
218 1.77874 1.35118 745
219 1.77848 1.35111 745
220 1.77784 1.35048 745
221 1.77768 1.35029 745
222 1.77826 1.3507 745
223 1.77761 1.35037 745
224 1.7775 1.35034 745
225 1.77685 1.34984 745
226 1.77711 1.35015 745
227 1.77773 1.35074 745
228 1.77724 1.35027 745
229 1.77781 1.35119 745
230 1.77862 1.35164 745
231 1.77883 1.35207 745
232 1.77846 1.35186 745
233 1.77893 1.35255 745
234 1.78 1.35363 745
235 1.78059 1.35404 745
236 1.78019 1.35383 745
237 1.78022 1.35409 745
238 1.77982 1.35374 745
239 1.77965 1.35349 745
240 1.77919 1.35272 745
241 1.77871 1.35231 745
242 1.7796 1.35276 745
243 1.77939 1.35237 745
244 1.77949 1.35228 745
245 1.77926 1.35206 745
246 1.77947 1.35203 745
247 1.77913 1.35165 745
248 1.77943 1.35176 745
249 1.77979 1.35216 745
250 1.78038 1.35274 745
251 1.78089 1.35318 745
252 1.78063 1.35281 745
253 1.78127 1.35324 745
254 1.7818 1.35346 745
255 1.7817 1.35348 745
256 1.78156 1.35309 745
257 1.782 1.35342 745
258 1.78188 1.35348 745
259 1.78183 1.35336 745
260 1.7821 1.35368 745
261 1.78187 1.35365 745
262 1.78259 1.35442 745
263 1.78209 1.35401 745
264 1.7815 1.35359 745
265 1.78153 1.35344 745
266 1.78154 1.35329 745
267 1.78122 1.35306 745
268 1.78096 1.35268 745
269 1.78086 1.35258 745
270 1.78067 1.35262 745
271 1.78037 1.35222 745
272 1.7798 1.35172 745
273 1.77986 1.35165 745
274 1.7798 1.35156 745
275 1.77967 1.35148 745
276 1.77984 1.35163 745
277 1.77994 1.35161 745
278 1.77986 1.35157 745
279 1.78053 1.35249 745
280 1.78107 1.35283 745
281 1.78065 1.35274 745
282 1.78106 1.35277 745
283 1.78068 1.35257 745
284 1.78164 1.35317 745
285 1.78143 1.35281 745
286 1.78087 1.35239 745
287 1.78096 1.35237 745
288 1.78124 1.35254 745
289 1.78083 1.35218 745
290 1.78107 1.35237 745
291 1.78096 1.35223 745
292 1.78045 1.35177 745
293 1.78056 1.3519 745
294 1.78029 1.35172 745
295 1.78041 1.35176 745
296 1.77998 1.35157 745
297 1.77989 1.35144 745
298 1.78004 1.35155 745
299 1.77967 1.35112 745
300 1.77936 1.35074 745
301 1.77945 1.35076 745
302 1.77919 1.35051 745
303 1.77862 1.34991 745
304 1.77843 1.34971 745
305 1.77824 1.34953 745
306 1.77799 1.34935 745
307 1.77774 1.34908 745
308 1.77747 1.34881 745
309 1.77703 1.34832 745
310 1.77695 1.34831 745
311 1.77643 1.34786 745
312 1.77632 1.34756 745
313 1.77586 1.34712 745
314 1.77536 1.34664 745
315 1.77507 1.34653 745
316 1.77492 1.34634 745
317 1.77446 1.34602 745
318 1.77412 1.34584 745
319 1.77357 1.34527 745
320 1.77301 1.34471 745
321 1.77234 1.34435 745
322 1.77197 1.34388 745
323 1.7718 1.34384 745
324 1.77151 1.34377 745
325 1.77122 1.34344 745
326 1.7708 1.3432 745
327 1.77069 1.34299 745
328 1.77053 1.34293 745
329 1.77063 1.34282 745
330 1.77018 1.34249 745
331 1.76995 1.3422 745
332 1.76947 1.3416 745
333 1.7698 1.34198 745
334 1.76939 1.34156 745
335 1.76881 1.34108 745
336 1.76873 1.34113 745
337 1.76842 1.34074 745
338 1.7681 1.34029 745
339 1.76778 1.33995 745
340 1.76763 1.33972 745
341 1.76834 1.34033 745
342 1.76818 1.34016 745
343 1.76808 1.34003 745
344 1.76814 1.34006 745
345 1.76866 1.34078 745
346 1.76889 1.34081 745
347 1.76889 1.34086 745
348 1.7686 1.34075 745
349 1.76858 1.34083 745
350 1.76844 1.34089 745
351 1.76851 1.34094 745
352 1.76857 1.34097 745
353 1.76915 1.34096 745
354 1.76935 1.34091 745
355 1.76946 1.34113 745
356 1.76901 1.34068 745
357 1.76979 1.3415 745
358 1.76978 1.34178 745
359 1.76931 1.34123 745
360 1.76896 1.34087 745
361 1.7685 1.34032 745
362 1.76842 1.34034 745
363 1.76808 1.34012 745
364 1.76761 1.3397 745
365 1.76716 1.33933 745
366 1.76701 1.33916 745
367 1.76649 1.33877 745
368 1.76619 1.33844 745
369 1.76564 1.33794 745
370 1.7656 1.33792 745
371 1.76513 1.33757 745
372 1.76461 1.33699 745
373 1.76409 1.33655 745
374 1.7636 1.33612 745
375 1.76352 1.33605 745
376 1.76355 1.33604 745
377 1.76305 1.33569 745
378 1.76259 1.33531 745
379 1.76199 1.33472 745
380 1.76177 1.33457 745
381 1.76128 1.33417 745
382 1.76146 1.33423 745
383 1.76147 1.3342 745
384 1.76145 1.33428 745
385 1.76124 1.33425 745
386 1.76085 1.3339 745
387 1.76091 1.33389 745
388 1.76072 1.33367 745
389 1.76043 1.3334 745
390 1.76067 1.33373 745
391 1.76071 1.33371 745
392 1.76044 1.33355 745
393 1.76039 1.33325 745
394 1.76012 1.33296 745
395 1.76041 1.33326 745
396 1.75993 1.33277 745
397 1.75988 1.33295 745
398 1.76099 1.33342 745
399 1.76136 1.33379 745
400 1.76104 1.33349 745
401 1.76093 1.33333 745
402 1.76115 1.33343 745
403 1.76122 1.33316 745
404 1.76125 1.33319 745
405 1.76125 1.33323 745
406 1.76157 1.33353 745
407 1.76129 1.33337 745
408 1.76081 1.33289 745
409 1.76056 1.33265 745
410 1.76001 1.33216 745
411 1.75946 1.33156 745
412 1.75964 1.33163 745
413 1.75933 1.33138 745
414 1.75905 1.33112 745
415 1.75889 1.33101 745
416 1.75865 1.3309 745
417 1.75821 1.33052 745
418 1.75822 1.33056 745
419 1.7579 1.33024 745
420 1.75743 1.33009 745
421 1.75749 1.33021 745
422 1.75754 1.33041 745
423 1.75729 1.33021 745
424 1.75806 1.33079 745
425 1.7578 1.33041 745
426 1.75815 1.33069 745
427 1.75771 1.33039 745
428 1.75755 1.33018 745
429 1.75715 1.32994 745
430 1.75666 1.32951 745
431 1.75618 1.32911 745
432 1.75574 1.32846 745
433 1.75518 1.32805 745
434 1.7555 1.3283 745
435 1.75565 1.32832 745
436 1.75512 1.32779 745
437 1.75517 1.32773 745
438 1.75461 1.32733 745
439 1.75403 1.32679 745
440 1.75373 1.32647 745
441 1.75343 1.32613 745
442 1.75332 1.32593 745
443 1.75306 1.32563 745
444 1.75271 1.32524 745
445 1.75225 1.32489 745
446 1.75191 1.32456 745
447 1.75141 1.32415 745
448 1.75144 1.32422 745
449 1.75104 1.32381 745
450 1.75046 1.32332 745
451 1.74996 1.32285 745
452 1.74953 1.32243 745
453 1.74953 1.32242 745
454 1.7499 1.32272 745
455 1.74941 1.32216 745
456 1.74904 1.3218 745
457 1.74879 1.32174 745
458 1.74873 1.32176 745
459 1.74877 1.32179 745
460 1.7484 1.32151 745
461 1.74789 1.32113 745
462 1.74784 1.3211 745
463 1.74726 1.32052 745
464 1.74701 1.32013 745
465 1.74671 1.31988 745
466 1.74654 1.31967 745
467 1.74601 1.31927 745
468 1.74597 1.31927 745
469 1.74589 1.31911 745
470 1.7454 1.31867 745
471 1.74495 1.31832 745
472 1.74476 1.3182 745
473 1.74456 1.31787 745
474 1.74416 1.31752 745
475 1.74389 1.31726 745
476 1.74368 1.317 745
477 1.7432 1.31661 745
478 1.74279 1.31621 745
479 1.74233 1.31578 745
480 1.74222 1.31567 745
481 1.74191 1.31535 745
482 1.74172 1.31507 745
483 1.74132 1.31462 745
484 1.74089 1.3142 745
485 1.74058 1.31394 745
486 1.74038 1.31365 745
487 1.74039 1.31378 745
488 1.74 1.3135 745
489 1.73961 1.3132 745
490 1.73973 1.31319 745
491 1.7398 1.31325 745
492 1.7397 1.31314 745
493 1.7394 1.31279 745
494 1.73955 1.31302 745
495 1.73923 1.31273 745
496 1.73921 1.31265 745
497 1.7389 1.31254 745
498 1.73847 1.31213 745
499 1.7387 1.31206 745
Best iteration: 262
rmse(train): 1.78259
mae(train): 1.35442
rmse(test): 1.26791
mae(test): 0.917197
rmse(total): 1.28873
mae(total): 0.932021
Number of selected cases: 21292
#####   Finished build_regression   #####
CPU time: 9638.5 seconds
